<?xml version="1.0" encoding="UTF-8"?>
<coverage generated="1769401740671" clover="3.2.0">
  <project timestamp="1769401740671" name="All files">
    <metrics statements="1010" coveredstatements="655" conditionals="619" coveredconditionals="293" methods="200" coveredmethods="116" elements="1829" coveredelements="1064" complexity="0" loc="1010" ncloc="1010" packages="2" files="6" classes="6"/>
    <package name="src">
      <metrics statements="993" coveredstatements="639" conditionals="609" coveredconditionals="285" methods="193" coveredmethods="109"/>
      <file name="aiService.ts" path="/Users/brixelectronics/Documents/mac/criticalinsight_repos/trello-local-sync/src/aiService.ts">
        <metrics statements="170" coveredstatements="153" conditionals="129" coveredconditionals="90" methods="16" coveredmethods="15"/>
        <line num="21" count="3" type="stmt"/>
        <line num="33" count="3" type="stmt"/>
        <line num="43" count="3" type="stmt"/>
        <line num="74" count="3" type="stmt"/>
        <line num="86" count="3" type="stmt"/>
        <line num="97" count="13" type="stmt"/>
        <line num="143" count="8" type="stmt"/>
        <line num="144" count="8" type="stmt"/>
        <line num="145" count="8" type="cond" truecount="1" falsecount="0"/>
        <line num="147" count="8" type="stmt"/>
        <line num="148" count="8" type="stmt"/>
        <line num="159" count="18" type="cond" truecount="2" falsecount="0"/>
        <line num="160" count="18" type="stmt"/>
        <line num="161" count="18" type="cond" truecount="2" falsecount="0"/>
        <line num="163" count="18" type="stmt"/>
        <line num="165" count="18" type="stmt"/>
        <line num="166" count="18" type="stmt"/>
        <line num="167" count="18" type="stmt"/>
        <line num="168" count="18" type="stmt"/>
        <line num="169" count="18" type="stmt"/>
        <line num="170" count="12" type="stmt"/>
        <line num="171" count="12" type="stmt"/>
        <line num="173" count="6" type="stmt"/>
        <line num="174" count="6" type="stmt"/>
        <line num="175" count="6" type="cond" truecount="4" falsecount="0"/>
        <line num="176" count="3" type="stmt"/>
        <line num="181" count="3" type="cond" truecount="1" falsecount="1"/>
        <line num="186" count="12" type="stmt"/>
        <line num="187" count="12" type="stmt"/>
        <line num="190" count="12" type="stmt"/>
        <line num="191" count="3" type="cond" truecount="3" falsecount="1"/>
        <line num="192" count="3" type="stmt"/>
        <line num="195" count="12" type="stmt"/>
        <line num="202" count="12" type="stmt"/>
        <line num="203" count="12" type="stmt"/>
        <line num="206" count="12" type="stmt"/>
        <line num="207" count="0" type="cond" truecount="0" falsecount="5"/>
        <line num="208" count="0" type="stmt"/>
        <line num="215" count="12" type="stmt"/>
        <line num="224" count="18" type="stmt"/>
        <line num="227" count="18" type="cond" truecount="2" falsecount="0"/>
        <line num="230" count="18" type="cond" truecount="1" falsecount="1"/>
        <line num="231" count="0" type="stmt"/>
        <line num="237" count="18" type="cond" truecount="1" falsecount="1"/>
        <line num="238" count="18" type="stmt"/>
        <line num="250" count="18" type="cond" truecount="1" falsecount="1"/>
        <line num="251" count="18" type="stmt"/>
        <line num="254" count="18" type="cond" truecount="4" falsecount="0"/>
        <line num="255" count="1" type="stmt"/>
        <line num="258" count="1" type="stmt"/>
        <line num="261" count="1" type="stmt"/>
        <line num="262" count="1" type="stmt"/>
        <line num="264" count="1" type="stmt"/>
        <line num="267" count="18" type="stmt"/>
        <line num="283" count="18" type="cond" truecount="2" falsecount="0"/>
        <line num="284" count="2" type="stmt"/>
        <line num="286" count="16" type="stmt"/>
        <line num="289" count="18" type="stmt"/>
        <line num="290" count="18" type="stmt"/>
        <line num="292" count="18" type="stmt"/>
        <line num="297" count="18" type="stmt"/>
        <line num="298" count="18" type="stmt"/>
        <line num="299" count="27" type="stmt"/>
        <line num="303" count="27" type="stmt"/>
        <line num="313" count="25" type="cond" truecount="2" falsecount="0"/>
        <line num="316" count="11" type="cond" truecount="4" falsecount="0"/>
        <line num="317" count="9" type="stmt"/>
        <line num="321" count="2" type="stmt"/>
        <line num="323" count="11" type="stmt"/>
        <line num="324" count="11" type="stmt"/>
        <line num="325" count="11" type="cond" truecount="1" falsecount="1"/>
        <line num="327" count="11" type="cond" truecount="2" falsecount="0"/>
        <line num="330" count="9" type="stmt"/>
        <line num="331" count="9" type="stmt"/>
        <line num="332" count="9" type="stmt"/>
        <line num="336" count="27" type="cond" truecount="1" falsecount="1"/>
        <line num="337" count="0" type="cond" truecount="0" falsecount="2"/>
        <line num="340" count="18" type="stmt"/>
        <line num="342" count="18" type="cond" truecount="2" falsecount="0"/>
        <line num="343" count="4" type="stmt"/>
        <line num="344" count="4" type="stmt"/>
        <line num="346" count="4" type="cond" truecount="1" falsecount="1"/>
        <line num="347" count="0" type="stmt"/>
        <line num="349" count="4" type="cond" truecount="2" falsecount="0"/>
        <line num="350" count="2" type="stmt"/>
        <line num="352" count="2" type="stmt"/>
        <line num="360" count="14" type="stmt"/>
        <line num="369" count="14" type="cond" truecount="5" falsecount="0"/>
        <line num="370" count="2" type="stmt"/>
        <line num="371" count="2" type="stmt"/>
        <line num="372" count="1" type="stmt"/>
        <line num="376" count="12" type="stmt"/>
        <line num="377" count="12" type="stmt"/>
        <line num="378" count="12" type="stmt"/>
        <line num="379" count="12" type="stmt"/>
        <line num="381" count="12" type="stmt"/>
        <line num="390" count="6" type="stmt"/>
        <line num="391" count="6" type="cond" truecount="2" falsecount="0"/>
        <line num="393" count="1" type="cond" truecount="1" falsecount="1"/>
        <line num="395" count="1" type="stmt"/>
        <line num="397" count="1" type="cond" truecount="1" falsecount="1"/>
        <line num="398" count="0" type="stmt"/>
        <line num="400" count="1" type="stmt"/>
        <line num="415" count="2" type="stmt"/>
        <line num="416" count="2" type="stmt"/>
        <line num="418" count="2" type="stmt"/>
        <line num="419" count="2" type="stmt"/>
        <line num="421" count="2" type="stmt"/>
        <line num="422" count="2" type="stmt"/>
        <line num="423" count="2" type="cond" truecount="1" falsecount="1"/>
        <line num="424" count="0" type="stmt"/>
        <line num="425" count="0" type="stmt"/>
        <line num="428" count="2" type="stmt"/>
        <line num="435" count="2" type="stmt"/>
        <line num="437" count="2" type="cond" truecount="2" falsecount="0"/>
        <line num="438" count="1" type="stmt"/>
        <line num="439" count="1" type="cond" truecount="1" falsecount="1"/>
        <line num="440" count="1" type="stmt"/>
        <line num="441" count="1" type="stmt"/>
        <line num="443" count="1" type="stmt"/>
        <line num="453" count="1" type="cond" truecount="1" falsecount="1"/>
        <line num="454" count="1" type="cond" truecount="1" falsecount="1"/>
        <line num="459" count="1" type="cond" truecount="1" falsecount="1"/>
        <line num="460" count="0" type="stmt"/>
        <line num="464" count="0" type="stmt"/>
        <line num="469" count="12" type="cond" truecount="2" falsecount="0"/>
        <line num="471" count="5" type="cond" truecount="5" falsecount="0"/>
        <line num="473" count="4" type="stmt"/>
        <line num="474" count="4" type="cond" truecount="1" falsecount="1"/>
        <line num="475" count="4" type="cond" truecount="1" falsecount="1"/>
        <line num="476" count="0" type="cond" truecount="0" falsecount="2"/>
        <line num="480" count="1" type="cond" truecount="1" falsecount="1"/>
        <line num="483" count="1" type="cond" truecount="1" falsecount="1"/>
        <line num="485" count="1" type="stmt"/>
        <line num="494" count="6" type="stmt"/>
        <line num="502" count="6" type="cond" truecount="1" falsecount="1"/>
        <line num="503" count="0" type="stmt"/>
        <line num="504" count="0" type="stmt"/>
        <line num="510" count="6" type="stmt"/>
        <line num="517" count="3" type="stmt"/>
        <line num="527" count="0" type="stmt"/>
        <line num="531" count="0" type="stmt"/>
        <line num="552" count="3" type="stmt"/>
        <line num="568" count="3" type="stmt"/>
        <line num="569" count="3" type="stmt"/>
        <line num="576" count="3" type="stmt"/>
        <line num="577" count="3" type="cond" truecount="2" falsecount="0"/>
        <line num="578" count="1" type="stmt"/>
        <line num="579" count="1" type="stmt"/>
        <line num="586" count="0" type="stmt"/>
        <line num="590" count="2" type="stmt"/>
        <line num="606" count="3" type="stmt"/>
        <line num="619" count="3" type="stmt"/>
        <line num="620" count="3" type="stmt"/>
        <line num="626" count="3" type="stmt"/>
        <line num="627" count="3" type="cond" truecount="2" falsecount="0"/>
        <line num="628" count="1" type="stmt"/>
        <line num="629" count="1" type="stmt"/>
        <line num="632" count="0" type="stmt"/>
        <line num="636" count="2" type="stmt"/>
        <line num="644" count="3" type="cond" truecount="3" falsecount="1"/>
        <line num="646" count="3" type="stmt"/>
        <line num="647" count="3" type="stmt"/>
        <line num="653" count="2" type="cond" truecount="2" falsecount="0"/>
        <line num="654" count="1" type="stmt"/>
        <line num="655" count="1" type="stmt"/>
        <line num="658" count="1" type="stmt"/>
        <line num="659" count="1" type="cond" truecount="1" falsecount="1"/>
        <line num="661" count="1" type="stmt"/>
        <line num="662" count="1" type="stmt"/>
      </file>
      <file name="memoryStore.ts" path="/Users/brixelectronics/Documents/mac/criticalinsight_repos/trello-local-sync/src/memoryStore.ts">
        <metrics statements="121" coveredstatements="120" conditionals="64" coveredconditionals="47" methods="36" coveredmethods="35"/>
        <line num="33" count="3" type="stmt"/>
        <line num="39" count="3" type="stmt"/>
        <line num="40" count="3" type="stmt"/>
        <line num="45" count="15" type="stmt"/>
        <line num="47" count="15" type="cond" truecount="2" falsecount="0"/>
        <line num="48" count="14" type="stmt"/>
        <line num="51" count="1" type="stmt"/>
        <line num="52" count="1" type="stmt"/>
        <line num="56" count="15" type="stmt"/>
        <line num="71" count="15" type="stmt"/>
        <line num="82" count="15" type="stmt"/>
        <line num="96" count="15" type="stmt"/>
        <line num="97" count="15" type="stmt"/>
        <line num="98" count="15" type="cond" truecount="1" falsecount="1"/>
        <line num="99" count="15" type="stmt"/>
        <line num="100" count="15" type="stmt"/>
        <line num="106" count="15" type="stmt"/>
        <line num="112" count="15" type="stmt"/>
        <line num="114" count="15" type="stmt"/>
        <line num="118" count="15" type="cond" truecount="1" falsecount="1"/>
        <line num="121" count="15" type="stmt"/>
        <line num="128" count="15" type="stmt"/>
        <line num="134" count="15" type="stmt"/>
        <line num="136" count="15" type="stmt"/>
        <line num="137" count="15" type="stmt"/>
        <line num="138" count="5" type="stmt"/>
        <line num="149" count="15" type="stmt"/>
        <line num="164" count="18" type="stmt"/>
        <line num="165" count="18" type="stmt"/>
        <line num="167" count="18" type="stmt"/>
        <line num="178" count="18" type="stmt"/>
        <line num="180" count="18" type="stmt"/>
        <line num="184" count="18" type="cond" truecount="1" falsecount="1"/>
        <line num="185" count="18" type="stmt"/>
        <line num="196" count="18" type="stmt"/>
        <line num="200" count="3" type="stmt"/>
        <line num="203" count="1" type="stmt"/>
        <line num="205" count="1" type="cond" truecount="1" falsecount="1"/>
        <line num="206" count="1" type="stmt"/>
        <line num="211" count="1" type="cond" truecount="1" falsecount="1"/>
        <line num="212" count="1" type="stmt"/>
        <line num="213" count="1" type="cond" truecount="1" falsecount="1"/>
        <line num="214" count="1" type="stmt"/>
        <line num="223" count="3" type="stmt"/>
        <line num="226" count="2" type="stmt"/>
        <line num="228" count="2" type="stmt"/>
        <line num="229" count="2" type="cond" truecount="1" falsecount="1"/>
        <line num="233" count="2" type="cond" truecount="1" falsecount="1"/>
        <line num="234" count="2" type="stmt"/>
        <line num="239" count="3" type="stmt"/>
        <line num="247" count="5" type="stmt"/>
        <line num="248" count="5" type="stmt"/>
        <line num="250" count="5" type="stmt"/>
        <line num="259" count="5" type="stmt"/>
        <line num="261" count="5" type="stmt"/>
        <line num="265" count="5" type="cond" truecount="1" falsecount="1"/>
        <line num="266" count="5" type="stmt"/>
        <line num="275" count="5" type="stmt"/>
        <line num="279" count="1" type="cond" truecount="1" falsecount="1"/>
        <line num="280" count="1" type="stmt"/>
        <line num="287" count="3" type="stmt"/>
        <line num="288" count="3" type="stmt"/>
        <line num="291" count="7" type="cond" truecount="3" falsecount="0"/>
        <line num="293" count="3" type="stmt"/>
        <line num="295" count="0" type="stmt"/>
        <line num="299" count="3" type="stmt"/>
        <line num="310" count="5" type="stmt"/>
        <line num="312" count="5" type="cond" truecount="4" falsecount="0"/>
        <line num="313" count="3" type="stmt"/>
        <line num="317" count="9" type="stmt"/>
        <line num="319" count="3" type="cond" truecount="1" falsecount="1"/>
        <line num="321" count="3" type="stmt"/>
        <line num="323" count="7" type="stmt"/>
        <line num="324" count="7" type="stmt"/>
        <line num="326" count="7" type="stmt"/>
        <line num="328" count="7" type="stmt"/>
        <line num="329" count="18" type="stmt"/>
        <line num="330" count="18" type="cond" truecount="2" falsecount="0"/>
        <line num="331" count="5" type="stmt"/>
        <line num="332" count="5" type="stmt"/>
        <line num="334" count="18" type="cond" truecount="2" falsecount="0"/>
        <line num="335" count="5" type="stmt"/>
        <line num="336" count="5" type="stmt"/>
        <line num="338" count="18" type="cond" truecount="2" falsecount="0"/>
        <line num="342" count="7" type="stmt"/>
        <line num="343" count="7" type="stmt"/>
        <line num="345" count="7" type="stmt"/>
        <line num="346" count="2" type="stmt"/>
        <line num="348" count="3" type="cond" truecount="2" falsecount="0"/>
        <line num="350" count="2" type="stmt"/>
        <line num="351" count="2" type="stmt"/>
        <line num="353" count="4" type="stmt"/>
        <line num="356" count="2" type="stmt"/>
        <line num="357" count="2" type="stmt"/>
        <line num="358" count="2" type="stmt"/>
        <line num="361" count="2" type="stmt"/>
        <line num="362" count="2" type="cond" truecount="2" falsecount="0"/>
        <line num="363" count="1" type="cond" truecount="1" falsecount="1"/>
        <line num="365" count="2" type="stmt"/>
        <line num="369" count="2" type="stmt"/>
        <line num="370" count="3" type="stmt"/>
        <line num="372" count="1" type="stmt"/>
        <line num="379" count="5" type="cond" truecount="2" falsecount="0"/>
        <line num="380" count="3" type="stmt"/>
        <line num="381" count="1" type="stmt"/>
        <line num="385" count="5" type="cond" truecount="1" falsecount="1"/>
        <line num="388" count="5" type="stmt"/>
        <line num="390" count="7" type="stmt"/>
        <line num="393" count="7" type="stmt"/>
        <line num="394" count="5" type="cond" truecount="2" falsecount="0"/>
        <line num="396" count="4" type="cond" truecount="2" falsecount="0"/>
        <line num="397" count="4" type="stmt"/>
        <line num="398" count="4" type="cond" truecount="1" falsecount="1"/>
        <line num="403" count="7" type="cond" truecount="2" falsecount="0"/>
        <line num="410" count="1" type="cond" truecount="1" falsecount="1"/>
        <line num="411" count="1" type="stmt"/>
        <line num="412" count="1" type="stmt"/>
        <line num="422" count="1" type="cond" truecount="1" falsecount="1"/>
        <line num="423" count="1" type="stmt"/>
        <line num="436" count="1" type="cond" truecount="1" falsecount="1"/>
        <line num="437" count="1" type="stmt"/>
      </file>
      <file name="promptStore.ts" path="/Users/brixelectronics/Documents/mac/criticalinsight_repos/trello-local-sync/src/promptStore.ts">
        <metrics statements="430" coveredstatements="354" conditionals="249" coveredconditionals="148" methods="79" coveredmethods="58"/>
        <line num="60" count="2" type="stmt"/>
        <line num="71" count="2" type="stmt"/>
        <line num="74" count="2" type="stmt"/>
        <line num="76" count="13" type="stmt"/>
        <line num="77" count="20" type="stmt"/>
        <line num="81" count="49" type="stmt"/>
        <line num="83" count="2" type="stmt"/>
        <line num="98" count="0" type="stmt"/>
        <line num="100" count="0" type="cond" truecount="0" falsecount="2"/>
        <line num="102" count="0" type="cond" truecount="0" falsecount="4"/>
        <line num="103" count="0" type="cond" truecount="0" falsecount="2"/>
        <line num="105" count="0" type="cond" truecount="0" falsecount="4"/>
        <line num="106" count="0" type="cond" truecount="0" falsecount="2"/>
        <line num="108" count="0" type="cond" truecount="0" falsecount="5"/>
        <line num="109" count="0" type="cond" truecount="0" falsecount="2"/>
        <line num="111" count="0" type="stmt"/>
        <line num="115" count="0" type="cond" truecount="0" falsecount="2"/>
        <line num="116" count="0" type="stmt"/>
        <line num="119" count="0" type="stmt"/>
        <line num="121" count="0" type="stmt"/>
        <line num="122" count="0" type="stmt"/>
        <line num="130" count="6" type="cond" truecount="4" falsecount="0"/>
        <line num="131" count="4" type="stmt"/>
        <line num="132" count="4" type="stmt"/>
        <line num="135" count="2" type="stmt"/>
        <line num="136" count="2" type="stmt"/>
        <line num="139" count="2" type="cond" truecount="2" falsecount="0"/>
        <line num="140" count="1" type="stmt"/>
        <line num="141" count="1" type="stmt"/>
        <line num="143" count="1" type="stmt"/>
        <line num="144" count="1" type="stmt"/>
        <line num="145" count="1" type="stmt"/>
        <line num="147" count="0" type="stmt"/>
        <line num="151" count="2" type="stmt"/>
        <line num="152" count="2" type="cond" truecount="1" falsecount="1"/>
        <line num="154" count="2" type="stmt"/>
        <line num="156" count="2" type="stmt"/>
        <line num="157" count="2" type="stmt"/>
        <line num="159" count="2" type="stmt"/>
        <line num="160" count="2" type="stmt"/>
        <line num="162" count="0" type="stmt"/>
        <line num="163" count="0" type="stmt"/>
        <line num="167" count="2" type="stmt"/>
        <line num="186" count="2" type="stmt"/>
        <line num="198" count="2" type="stmt"/>
        <line num="199" count="2" type="stmt"/>
        <line num="203" count="2" type="stmt"/>
        <line num="204" count="2" type="stmt"/>
        <line num="208" count="2" type="stmt"/>
        <line num="209" count="2" type="stmt"/>
        <line num="214" count="2" type="stmt"/>
        <line num="215" count="2" type="stmt"/>
        <line num="221" count="2" type="stmt"/>
        <line num="222" count="2" type="stmt"/>
        <line num="225" count="2" type="stmt"/>
        <line num="243" count="2" type="stmt"/>
        <line num="252" count="2" type="stmt"/>
        <line num="253" count="2" type="stmt"/>
        <line num="260" count="0" type="stmt"/>
        <line num="264" count="2" type="stmt"/>
        <line num="265" count="2" type="stmt"/>
        <line num="269" count="2" type="stmt"/>
        <line num="272" count="2" type="stmt"/>
        <line num="273" count="2" type="stmt"/>
        <line num="276" count="2" type="stmt"/>
        <line num="277" count="2" type="stmt"/>
        <line num="279" count="2" type="stmt"/>
        <line num="283" count="2" type="cond" truecount="1" falsecount="1"/>
        <line num="286" count="2" type="stmt"/>
        <line num="295" count="2" type="stmt"/>
        <line num="306" count="2" type="stmt"/>
        <line num="308" count="2" type="stmt"/>
        <line num="309" count="2" type="stmt"/>
        <line num="311" count="2" type="stmt"/>
        <line num="312" count="2" type="stmt"/>
        <line num="313" count="1" type="stmt"/>
        <line num="314" count="1" type="stmt"/>
        <line num="315" count="1" type="cond" truecount="1" falsecount="1"/>
        <line num="316" count="1" type="stmt"/>
        <line num="319" count="0" type="stmt"/>
        <line num="322" count="1" type="stmt"/>
        <line num="338" count="2" type="stmt"/>
        <line num="340" count="2" type="stmt"/>
        <line num="341" count="1" type="stmt"/>
        <line num="358" count="20" type="stmt"/>
        <line num="359" count="20" type="stmt"/>
        <line num="362" count="20" type="stmt"/>
        <line num="363" count="4" type="stmt"/>
        <line num="364" count="0" type="stmt"/>
        <line num="365" count="20" type="cond" truecount="2" falsecount="0"/>
        <line num="367" count="20" type="stmt"/>
        <line num="378" count="20" type="stmt"/>
        <line num="380" count="20" type="stmt"/>
        <line num="385" count="20" type="cond" truecount="1" falsecount="1"/>
        <line num="386" count="20" type="stmt"/>
        <line num="393" count="20" type="stmt"/>
        <line num="400" count="20" type="stmt"/>
        <line num="402" count="20" type="stmt"/>
        <line num="406" count="47" type="stmt"/>
        <line num="407" count="47" type="cond" truecount="2" falsecount="0"/>
        <line num="410" count="46" type="stmt"/>
        <line num="412" count="46" type="stmt"/>
        <line num="417" count="46" type="cond" truecount="1" falsecount="1"/>
        <line num="418" count="46" type="stmt"/>
        <line num="419" count="46" type="stmt"/>
        <line num="420" count="46" type="stmt"/>
        <line num="421" count="46" type="stmt"/>
        <line num="423" count="46" type="cond" truecount="2" falsecount="0"/>
        <line num="424" count="2" type="stmt"/>
        <line num="425" count="2" type="stmt"/>
        <line num="427" count="46" type="cond" truecount="2" falsecount="0"/>
        <line num="428" count="27" type="stmt"/>
        <line num="429" count="27" type="stmt"/>
        <line num="431" count="46" type="cond" truecount="2" falsecount="0"/>
        <line num="432" count="1" type="stmt"/>
        <line num="433" count="1" type="stmt"/>
        <line num="435" count="46" type="cond" truecount="1" falsecount="1"/>
        <line num="436" count="0" type="stmt"/>
        <line num="437" count="0" type="stmt"/>
        <line num="439" count="46" type="cond" truecount="2" falsecount="0"/>
        <line num="440" count="7" type="stmt"/>
        <line num="441" count="7" type="stmt"/>
        <line num="443" count="46" type="cond" truecount="1" falsecount="1"/>
        <line num="444" count="0" type="stmt"/>
        <line num="445" count="0" type="cond" truecount="0" falsecount="2"/>
        <line num="447" count="46" type="cond" truecount="1" falsecount="1"/>
        <line num="448" count="0" type="stmt"/>
        <line num="449" count="0" type="cond" truecount="0" falsecount="2"/>
        <line num="451" count="46" type="cond" truecount="2" falsecount="0"/>
        <line num="452" count="1" type="stmt"/>
        <line num="453" count="1" type="stmt"/>
        <line num="455" count="46" type="cond" truecount="2" falsecount="0"/>
        <line num="456" count="2" type="stmt"/>
        <line num="457" count="2" type="stmt"/>
        <line num="459" count="46" type="cond" truecount="1" falsecount="1"/>
        <line num="460" count="0" type="stmt"/>
        <line num="461" count="0" type="stmt"/>
        <line num="464" count="46" type="cond" truecount="2" falsecount="0"/>
        <line num="465" count="33" type="stmt"/>
        <line num="466" count="33" type="stmt"/>
        <line num="473" count="40" type="stmt"/>
        <line num="474" count="33" type="stmt"/>
        <line num="480" count="0" type="stmt"/>
        <line num="487" count="1" type="stmt"/>
        <line num="490" count="1" type="stmt"/>
        <line num="491" count="1" type="stmt"/>
        <line num="492" count="1" type="stmt"/>
        <line num="493" count="1" type="stmt"/>
        <line num="498" count="1" type="cond" truecount="1" falsecount="1"/>
        <line num="499" count="1" type="stmt"/>
        <line num="500" count="1" type="stmt"/>
        <line num="503" count="1" type="stmt"/>
        <line num="504" count="1" type="stmt"/>
        <line num="509" count="1" type="stmt"/>
        <line num="510" count="1" type="cond" truecount="1" falsecount="1"/>
        <line num="513" count="1" type="stmt"/>
        <line num="515" count="1" type="stmt"/>
        <line num="517" count="1" type="stmt"/>
        <line num="518" count="1" type="stmt"/>
        <line num="519" count="1" type="stmt"/>
        <line num="520" count="1" type="stmt"/>
        <line num="526" count="1" type="cond" truecount="1" falsecount="1"/>
        <line num="527" count="1" type="stmt"/>
        <line num="531" count="1" type="stmt"/>
        <line num="537" count="1" type="stmt"/>
        <line num="541" count="1" type="stmt"/>
        <line num="553" count="27" type="stmt"/>
        <line num="554" count="27" type="stmt"/>
        <line num="557" count="27" type="cond" truecount="2" falsecount="0"/>
        <line num="558" count="7" type="stmt"/>
        <line num="559" count="7" type="cond" truecount="1" falsecount="1"/>
        <line num="560" count="0" type="stmt"/>
        <line num="564" count="27" type="stmt"/>
        <line num="574" count="27" type="stmt"/>
        <line num="576" count="27" type="stmt"/>
        <line num="577" count="27" type="cond" truecount="1" falsecount="1"/>
        <line num="578" count="27" type="stmt"/>
        <line num="584" count="27" type="cond" truecount="1" falsecount="1"/>
        <line num="585" count="27" type="stmt"/>
        <line num="601" count="27" type="stmt"/>
        <line num="607" count="27" type="stmt"/>
        <line num="622" count="27" type="stmt"/>
        <line num="628" count="27" type="stmt"/>
        <line num="632" count="12" type="stmt"/>
        <line num="633" count="12" type="cond" truecount="2" falsecount="0"/>
        <line num="635" count="11" type="stmt"/>
        <line num="637" count="11" type="stmt"/>
        <line num="641" count="11" type="cond" truecount="1" falsecount="1"/>
        <line num="643" count="11" type="cond" truecount="2" falsecount="0"/>
        <line num="644" count="1" type="stmt"/>
        <line num="645" count="1" type="cond" truecount="1" falsecount="1"/>
        <line num="646" count="0" type="stmt"/>
        <line num="650" count="11" type="stmt"/>
        <line num="651" count="11" type="stmt"/>
        <line num="652" count="11" type="stmt"/>
        <line num="654" count="11" type="cond" truecount="2" falsecount="0"/>
        <line num="655" count="8" type="stmt"/>
        <line num="656" count="8" type="stmt"/>
        <line num="658" count="11" type="cond" truecount="2" falsecount="0"/>
        <line num="659" count="1" type="stmt"/>
        <line num="660" count="1" type="stmt"/>
        <line num="662" count="11" type="cond" truecount="2" falsecount="0"/>
        <line num="663" count="3" type="stmt"/>
        <line num="664" count="3" type="stmt"/>
        <line num="666" count="11" type="cond" truecount="2" falsecount="0"/>
        <line num="667" count="6" type="stmt"/>
        <line num="668" count="6" type="stmt"/>
        <line num="670" count="11" type="cond" truecount="2" falsecount="0"/>
        <line num="671" count="6" type="stmt"/>
        <line num="672" count="6" type="stmt"/>
        <line num="674" count="11" type="cond" truecount="2" falsecount="0"/>
        <line num="675" count="6" type="stmt"/>
        <line num="676" count="6" type="stmt"/>
        <line num="678" count="11" type="cond" truecount="2" falsecount="0"/>
        <line num="679" count="6" type="stmt"/>
        <line num="680" count="6" type="stmt"/>
        <line num="682" count="11" type="cond" truecount="2" falsecount="0"/>
        <line num="683" count="7" type="stmt"/>
        <line num="684" count="7" type="stmt"/>
        <line num="686" count="11" type="cond" truecount="1" falsecount="1"/>
        <line num="687" count="0" type="stmt"/>
        <line num="688" count="0" type="stmt"/>
        <line num="691" count="11" type="cond" truecount="1" falsecount="1"/>
        <line num="692" count="11" type="stmt"/>
        <line num="693" count="11" type="stmt"/>
        <line num="699" count="43" type="stmt"/>
        <line num="700" count="11" type="stmt"/>
        <line num="709" count="0" type="stmt"/>
        <line num="710" count="0" type="stmt"/>
        <line num="711" count="0" type="stmt"/>
        <line num="715" count="1" type="stmt"/>
        <line num="716" count="1" type="cond" truecount="3" falsecount="1"/>
        <line num="718" count="1" type="stmt"/>
        <line num="724" count="5" type="stmt"/>
        <line num="725" count="5" type="stmt"/>
        <line num="727" count="5" type="cond" truecount="1" falsecount="1"/>
        <line num="728" count="5" type="cond" truecount="2" falsecount="0"/>
        <line num="729" count="3" type="stmt"/>
        <line num="731" count="2" type="stmt"/>
        <line num="733" count="0" type="cond" truecount="0" falsecount="2"/>
        <line num="735" count="0" type="stmt"/>
        <line num="736" count="0" type="stmt"/>
        <line num="743" count="9" type="stmt"/>
        <line num="747" count="8" type="stmt"/>
        <line num="751" count="8" type="stmt"/>
        <line num="753" count="8" type="stmt"/>
        <line num="759" count="0" type="stmt"/>
        <line num="760" count="0" type="stmt"/>
        <line num="762" count="0" type="stmt"/>
        <line num="768" count="0" type="stmt"/>
        <line num="773" count="2" type="stmt"/>
        <line num="775" count="2" type="stmt"/>
        <line num="778" count="0" type="stmt"/>
        <line num="779" count="0" type="stmt"/>
        <line num="780" count="0" type="stmt"/>
        <line num="783" count="0" type="stmt"/>
        <line num="784" count="0" type="stmt"/>
        <line num="788" count="0" type="stmt"/>
        <line num="793" count="2" type="stmt"/>
        <line num="794" count="2" type="stmt"/>
        <line num="795" count="2" type="stmt"/>
        <line num="801" count="6" type="stmt"/>
        <line num="802" count="3" type="stmt"/>
        <line num="805" count="6" type="cond" truecount="2" falsecount="0"/>
        <line num="807" count="3" type="stmt"/>
        <line num="808" count="3" type="cond" truecount="1" falsecount="1"/>
        <line num="811" count="3" type="cond" truecount="1" falsecount="1"/>
        <line num="813" count="3" type="stmt"/>
        <line num="816" count="3" type="stmt"/>
        <line num="817" count="3" type="stmt"/>
        <line num="818" count="3" type="stmt"/>
        <line num="824" count="7" type="stmt"/>
        <line num="825" count="7" type="cond" truecount="1" falsecount="1"/>
        <line num="827" count="7" type="cond" truecount="1" falsecount="1"/>
        <line num="829" count="7" type="cond" truecount="3" falsecount="1"/>
        <line num="830" count="0" type="cond" truecount="0" falsecount="2"/>
        <line num="831" count="0" type="stmt"/>
        <line num="832" count="0" type="stmt"/>
        <line num="835" count="7" type="stmt"/>
        <line num="836" count="7" type="stmt"/>
        <line num="841" count="7" type="stmt"/>
        <line num="842" count="7" type="stmt"/>
        <line num="845" count="7" type="stmt"/>
        <line num="849" count="7" type="cond" truecount="1" falsecount="1"/>
        <line num="850" count="0" type="stmt"/>
        <line num="851" count="0" type="stmt"/>
        <line num="853" count="0" type="stmt"/>
        <line num="858" count="7" type="stmt"/>
        <line num="869" count="7" type="stmt"/>
        <line num="871" count="7" type="cond" truecount="2" falsecount="2"/>
        <line num="872" count="0" type="stmt"/>
        <line num="873" count="0" type="stmt"/>
        <line num="878" count="7" type="cond" truecount="2" falsecount="2"/>
        <line num="879" count="0" type="stmt"/>
        <line num="881" count="0" type="stmt"/>
        <line num="882" count="0" type="stmt"/>
        <line num="883" count="0" type="stmt"/>
        <line num="885" count="0" type="cond" truecount="0" falsecount="4"/>
        <line num="886" count="0" type="stmt"/>
        <line num="891" count="7" type="stmt"/>
        <line num="901" count="7" type="stmt"/>
        <line num="903" count="0" type="cond" truecount="0" falsecount="2"/>
        <line num="904" count="0" type="stmt"/>
        <line num="905" count="0" type="stmt"/>
        <line num="906" count="0" type="stmt"/>
        <line num="913" count="0" type="stmt"/>
        <line num="914" count="0" type="cond" truecount="0" falsecount="2"/>
        <line num="915" count="0" type="stmt"/>
        <line num="919" count="11" type="stmt"/>
        <line num="920" count="11" type="cond" truecount="1" falsecount="1"/>
        <line num="921" count="11" type="cond" truecount="1" falsecount="1"/>
        <line num="927" count="0" type="stmt"/>
        <line num="934" count="1" type="stmt"/>
        <line num="935" count="1" type="cond" truecount="1" falsecount="1"/>
        <line num="937" count="1" type="stmt"/>
        <line num="945" count="1" type="stmt"/>
        <line num="948" count="1" type="stmt"/>
        <line num="949" count="1" type="stmt"/>
        <line num="959" count="1" type="stmt"/>
        <line num="960" count="1" type="cond" truecount="1" falsecount="2"/>
        <line num="961" count="1" type="cond" truecount="1" falsecount="1"/>
        <line num="963" count="1" type="stmt"/>
        <line num="972" count="1" type="cond" truecount="1" falsecount="1"/>
        <line num="973" count="0" type="stmt"/>
        <line num="976" count="0" type="stmt"/>
        <line num="981" count="1" type="stmt"/>
        <line num="982" count="1" type="cond" truecount="1" falsecount="1"/>
        <line num="985" count="1" type="stmt"/>
        <line num="996" count="1" type="stmt"/>
        <line num="997" count="1" type="cond" truecount="1" falsecount="1"/>
        <line num="999" count="1" type="stmt"/>
        <line num="1000" count="1" type="cond" truecount="1" falsecount="1"/>
        <line num="1002" count="1" type="stmt"/>
        <line num="1003" count="1" type="stmt"/>
        <line num="1005" count="1" type="stmt"/>
        <line num="1006" count="1" type="stmt"/>
        <line num="1008" count="1" type="stmt"/>
        <line num="1010" count="1" type="stmt"/>
        <line num="1012" count="1" type="stmt"/>
        <line num="1013" count="1" type="stmt"/>
        <line num="1016" count="1" type="stmt"/>
        <line num="1022" count="1" type="stmt"/>
        <line num="1023" count="1" type="cond" truecount="1" falsecount="1"/>
        <line num="1024" count="1" type="stmt"/>
        <line num="1031" count="1" type="stmt"/>
        <line num="1035" count="1" type="stmt"/>
        <line num="1037" count="1" type="stmt"/>
        <line num="1044" count="1" type="stmt"/>
        <line num="1045" count="1" type="cond" truecount="1" falsecount="1"/>
        <line num="1048" count="1" type="stmt"/>
        <line num="1049" count="1" type="cond" truecount="1" falsecount="1"/>
        <line num="1051" count="1" type="cond" truecount="1" falsecount="1"/>
        <line num="1052" count="0" type="stmt"/>
        <line num="1053" count="0" type="stmt"/>
        <line num="1057" count="1" type="stmt"/>
        <line num="1059" count="1" type="stmt"/>
        <line num="1060" count="1" type="cond" truecount="1" falsecount="1"/>
        <line num="1064" count="1" type="stmt"/>
        <line num="1065" count="1" type="cond" truecount="1" falsecount="1"/>
        <line num="1067" count="1" type="stmt"/>
        <line num="1068" count="1" type="stmt"/>
        <line num="1070" count="1" type="stmt"/>
        <line num="1072" count="1" type="stmt"/>
        <line num="1085" count="1" type="stmt"/>
        <line num="1090" count="1" type="stmt"/>
        <line num="1091" count="1" type="stmt"/>
        <line num="1098" count="3" type="stmt"/>
        <line num="1099" count="3" type="cond" truecount="2" falsecount="0"/>
        <line num="1100" count="1" type="stmt"/>
        <line num="1101" count="1" type="stmt"/>
        <line num="1104" count="2" type="cond" truecount="1" falsecount="1"/>
        <line num="1105" count="3" type="stmt"/>
        <line num="1106" count="3" type="stmt"/>
        <line num="1108" count="3" type="stmt"/>
        <line num="1109" count="4" type="stmt"/>
        <line num="1112" count="4" type="stmt"/>
        <line num="1117" count="4" type="stmt"/>
        <line num="1120" count="4" type="stmt"/>
        <line num="1121" count="4" type="cond" truecount="1" falsecount="1"/>
        <line num="1124" count="4" type="stmt"/>
        <line num="1125" count="4" type="stmt"/>
        <line num="1127" count="4" type="stmt"/>
        <line num="1129" count="4" type="stmt"/>
        <line num="1137" count="4" type="cond" truecount="2" falsecount="0"/>
        <line num="1138" count="1" type="stmt"/>
        <line num="1139" count="1" type="stmt"/>
        <line num="1143" count="3" type="stmt"/>
        <line num="1144" count="3" type="stmt"/>
        <line num="1147" count="3" type="cond" truecount="2" falsecount="0"/>
        <line num="1148" count="2" type="cond" truecount="2" falsecount="0"/>
        <line num="1149" count="2" type="stmt"/>
        <line num="1150" count="2" type="stmt"/>
        <line num="1154" count="1" type="stmt"/>
        <line num="1157" count="2" type="cond" truecount="1" falsecount="1"/>
        <line num="1158" count="2" type="stmt"/>
        <line num="1160" count="2" type="stmt"/>
        <line num="1161" count="2" type="stmt"/>
        <line num="1162" count="2" type="stmt"/>
        <line num="1163" count="0" type="stmt"/>
        <line num="1169" count="1" type="stmt"/>
        <line num="1170" count="1" type="stmt"/>
        <line num="1171" count="1" type="stmt"/>
        <line num="1173" count="1" type="stmt"/>
        <line num="1174" count="1" type="stmt"/>
        <line num="1177" count="1" type="cond" truecount="1" falsecount="1"/>
        <line num="1178" count="1" type="stmt"/>
        <line num="1183" count="1" type="stmt"/>
        <line num="1188" count="1" type="stmt"/>
        <line num="1192" count="1" type="stmt"/>
        <line num="1193" count="1" type="cond" truecount="1" falsecount="1"/>
        <line num="1195" count="1" type="stmt"/>
        <line num="1196" count="1" type="stmt"/>
        <line num="1197" count="1" type="stmt"/>
        <line num="1200" count="1" type="cond" truecount="1" falsecount="1"/>
        <line num="1201" count="1" type="stmt"/>
        <line num="1202" count="1" type="stmt"/>
        <line num="1203" count="1" type="stmt"/>
        <line num="1205" count="1" type="cond" truecount="1" falsecount="1"/>
        <line num="1206" count="1" type="cond" truecount="1" falsecount="1"/>
        <line num="1207" count="1" type="cond" truecount="1" falsecount="1"/>
        <line num="1208" count="1" type="stmt"/>
        <line num="1210" count="1" type="stmt"/>
        <line num="1211" count="1" type="stmt"/>
        <line num="1213" count="2" type="stmt"/>
        <line num="1214" count="1" type="stmt"/>
        <line num="1219" count="1" type="stmt"/>
        <line num="1220" count="1" type="stmt"/>
        <line num="1223" count="1" type="cond" truecount="1" falsecount="1"/>
        <line num="1224" count="1" type="stmt"/>
        <line num="1225" count="1" type="stmt"/>
      </file>
      <file name="store.ts" path="/Users/brixelectronics/Documents/mac/criticalinsight_repos/trello-local-sync/src/store.ts">
        <metrics statements="272" coveredstatements="12" conditionals="167" coveredconditionals="0" methods="62" coveredmethods="1"/>
        <line num="7" count="2" type="stmt"/>
        <line num="8" count="2" type="stmt"/>
        <line num="9" count="2" type="stmt"/>
        <line num="23" count="2" type="stmt"/>
        <line num="35" count="2" type="stmt"/>
        <line num="39" count="0" type="stmt"/>
        <line num="40" count="0" type="stmt"/>
        <line num="41" count="0" type="stmt"/>
        <line num="43" count="0" type="stmt"/>
        <line num="81" count="0" type="stmt"/>
        <line num="82" count="0" type="stmt"/>
        <line num="91" count="0" type="stmt"/>
        <line num="102" count="0" type="stmt"/>
        <line num="105" count="0" type="stmt"/>
        <line num="106" count="0" type="stmt"/>
        <line num="107" count="0" type="stmt"/>
        <line num="108" count="0" type="stmt"/>
        <line num="111" count="0" type="stmt"/>
        <line num="112" count="0" type="stmt"/>
        <line num="113" count="0" type="stmt"/>
        <line num="115" count="0" type="stmt"/>
        <line num="116" count="0" type="stmt"/>
        <line num="118" count="0" type="stmt"/>
        <line num="126" count="0" type="stmt"/>
        <line num="127" count="0" type="stmt"/>
        <line num="129" count="0" type="stmt"/>
        <line num="136" count="0" type="stmt"/>
        <line num="137" count="0" type="stmt"/>
        <line num="139" count="0" type="stmt"/>
        <line num="146" count="0" type="stmt"/>
        <line num="153" count="0" type="stmt"/>
        <line num="155" count="0" type="stmt"/>
        <line num="161" count="0" type="stmt"/>
        <line num="162" count="0" type="cond" truecount="0" falsecount="2"/>
        <line num="163" count="0" type="stmt"/>
        <line num="166" count="0" type="cond" truecount="0" falsecount="2"/>
        <line num="167" count="0" type="stmt"/>
        <line num="169" count="0" type="stmt"/>
        <line num="171" count="0" type="stmt"/>
        <line num="172" count="0" type="stmt"/>
        <line num="173" count="0" type="stmt"/>
        <line num="176" count="0" type="stmt"/>
        <line num="177" count="0" type="stmt"/>
        <line num="179" count="0" type="stmt"/>
        <line num="182" count="0" type="stmt"/>
        <line num="183" count="0" type="stmt"/>
        <line num="184" count="0" type="stmt"/>
        <line num="187" count="0" type="stmt"/>
        <line num="193" count="0" type="cond" truecount="0" falsecount="3"/>
        <line num="195" count="0" type="stmt"/>
        <line num="196" count="0" type="stmt"/>
        <line num="199" count="0" type="stmt"/>
        <line num="202" count="0" type="cond" truecount="0" falsecount="2"/>
        <line num="203" count="0" type="stmt"/>
        <line num="204" count="0" type="stmt"/>
        <line num="206" count="0" type="cond" truecount="0" falsecount="2"/>
        <line num="207" count="0" type="stmt"/>
        <line num="211" count="0" type="stmt"/>
        <line num="212" count="0" type="stmt"/>
        <line num="214" count="0" type="stmt"/>
        <line num="215" count="0" type="stmt"/>
        <line num="217" count="0" type="stmt"/>
        <line num="218" count="0" type="stmt"/>
        <line num="239" count="0" type="stmt"/>
        <line num="243" count="0" type="cond" truecount="0" falsecount="4"/>
        <line num="244" count="0" type="stmt"/>
        <line num="246" count="0" type="stmt"/>
        <line num="251" count="2" type="stmt"/>
        <line num="252" count="2" type="stmt"/>
        <line num="256" count="0" type="stmt"/>
        <line num="258" count="0" type="cond" truecount="0" falsecount="2"/>
        <line num="259" count="0" type="stmt"/>
        <line num="262" count="0" type="stmt"/>
        <line num="267" count="0" type="stmt"/>
        <line num="268" count="0" type="cond" truecount="0" falsecount="2"/>
        <line num="270" count="0" type="stmt"/>
        <line num="279" count="0" type="stmt"/>
        <line num="288" count="2" type="stmt"/>
        <line num="294" count="0" type="stmt"/>
        <line num="295" count="0" type="cond" truecount="0" falsecount="2"/>
        <line num="297" count="0" type="stmt"/>
        <line num="298" count="0" type="stmt"/>
        <line num="299" count="0" type="stmt"/>
        <line num="303" count="0" type="stmt"/>
        <line num="304" count="0" type="cond" truecount="0" falsecount="2"/>
        <line num="306" count="0" type="stmt"/>
        <line num="307" count="0" type="stmt"/>
        <line num="308" count="0" type="stmt"/>
        <line num="313" count="0" type="stmt"/>
        <line num="314" count="0" type="cond" truecount="0" falsecount="2"/>
        <line num="315" count="0" type="stmt"/>
        <line num="317" count="0" type="stmt"/>
        <line num="321" count="0" type="cond" truecount="0" falsecount="4"/>
        <line num="322" count="0" type="stmt"/>
        <line num="337" count="2" type="stmt"/>
        <line num="340" count="2" type="stmt"/>
        <line num="341" count="2" type="stmt"/>
        <line num="342" count="0" type="stmt"/>
        <line num="343" count="0" type="cond" truecount="0" falsecount="2"/>
        <line num="348" count="0" type="stmt"/>
        <line num="349" count="0" type="stmt"/>
        <line num="361" count="0" type="stmt"/>
        <line num="362" count="0" type="cond" truecount="0" falsecount="2"/>
        <line num="364" count="0" type="stmt"/>
        <line num="365" count="0" type="stmt"/>
        <line num="368" count="0" type="cond" truecount="0" falsecount="2"/>
        <line num="369" count="0" type="stmt"/>
        <line num="370" count="0" type="stmt"/>
        <line num="371" count="0" type="stmt"/>
        <line num="376" count="0" type="stmt"/>
        <line num="379" count="0" type="stmt"/>
        <line num="381" count="0" type="stmt"/>
        <line num="383" count="0" type="cond" truecount="0" falsecount="2"/>
        <line num="384" count="0" type="stmt"/>
        <line num="392" count="0" type="cond" truecount="0" falsecount="4"/>
        <line num="393" count="0" type="stmt"/>
        <line num="404" count="0" type="stmt"/>
        <line num="405" count="0" type="stmt"/>
        <line num="411" count="0" type="stmt"/>
        <line num="412" count="0" type="cond" truecount="0" falsecount="2"/>
        <line num="413" count="0" type="stmt"/>
        <line num="415" count="0" type="stmt"/>
        <line num="418" count="0" type="cond" truecount="0" falsecount="2"/>
        <line num="419" count="0" type="stmt"/>
        <line num="420" count="0" type="stmt"/>
        <line num="422" count="0" type="stmt"/>
        <line num="430" count="0" type="stmt"/>
        <line num="433" count="0" type="stmt"/>
        <line num="435" count="0" type="stmt"/>
        <line num="437" count="0" type="cond" truecount="0" falsecount="2"/>
        <line num="438" count="0" type="stmt"/>
        <line num="445" count="0" type="cond" truecount="0" falsecount="4"/>
        <line num="446" count="0" type="stmt"/>
        <line num="456" count="0" type="stmt"/>
        <line num="457" count="0" type="stmt"/>
        <line num="460" count="0" type="stmt"/>
        <line num="466" count="0" type="stmt"/>
        <line num="468" count="0" type="cond" truecount="0" falsecount="2"/>
        <line num="469" count="0" type="stmt"/>
        <line num="475" count="0" type="cond" truecount="0" falsecount="4"/>
        <line num="476" count="0" type="stmt"/>
        <line num="489" count="0" type="stmt"/>
        <line num="490" count="0" type="cond" truecount="0" falsecount="2"/>
        <line num="493" count="0" type="cond" truecount="0" falsecount="2"/>
        <line num="494" count="0" type="stmt"/>
        <line num="495" count="0" type="stmt"/>
        <line num="496" count="0" type="stmt"/>
        <line num="501" count="0" type="stmt"/>
        <line num="503" count="0" type="stmt"/>
        <line num="505" count="0" type="cond" truecount="0" falsecount="2"/>
        <line num="506" count="0" type="stmt"/>
        <line num="510" count="0" type="cond" truecount="0" falsecount="4"/>
        <line num="511" count="0" type="stmt"/>
        <line num="521" count="0" type="stmt"/>
        <line num="522" count="0" type="stmt"/>
        <line num="532" count="0" type="stmt"/>
        <line num="533" count="0" type="cond" truecount="0" falsecount="2"/>
        <line num="535" count="0" type="stmt"/>
        <line num="538" count="0" type="cond" truecount="0" falsecount="2"/>
        <line num="539" count="0" type="stmt"/>
        <line num="540" count="0" type="stmt"/>
        <line num="541" count="0" type="stmt"/>
        <line num="546" count="0" type="stmt"/>
        <line num="549" count="0" type="stmt"/>
        <line num="551" count="0" type="stmt"/>
        <line num="553" count="0" type="stmt"/>
        <line num="554" count="0" type="stmt"/>
        <line num="555" count="0" type="stmt"/>
        <line num="557" count="0" type="cond" truecount="0" falsecount="2"/>
        <line num="558" count="0" type="stmt"/>
        <line num="559" count="0" type="stmt"/>
        <line num="561" count="0" type="cond" truecount="0" falsecount="2"/>
        <line num="562" count="0" type="stmt"/>
        <line num="563" count="0" type="stmt"/>
        <line num="565" count="0" type="cond" truecount="0" falsecount="2"/>
        <line num="566" count="0" type="stmt"/>
        <line num="567" count="0" type="stmt"/>
        <line num="569" count="0" type="cond" truecount="0" falsecount="2"/>
        <line num="570" count="0" type="stmt"/>
        <line num="572" count="0" type="cond" truecount="0" falsecount="2"/>
        <line num="575" count="0" type="cond" truecount="0" falsecount="2"/>
        <line num="577" count="0" type="stmt"/>
        <line num="578" count="0" type="stmt"/>
        <line num="581" count="0" type="cond" truecount="0" falsecount="2"/>
        <line num="582" count="0" type="stmt"/>
        <line num="586" count="0" type="cond" truecount="0" falsecount="4"/>
        <line num="588" count="0" type="stmt"/>
        <line num="589" count="0" type="stmt"/>
        <line num="599" count="0" type="stmt"/>
        <line num="600" count="0" type="stmt"/>
        <line num="606" count="0" type="stmt"/>
        <line num="607" count="0" type="cond" truecount="0" falsecount="2"/>
        <line num="609" count="0" type="stmt"/>
        <line num="612" count="0" type="cond" truecount="0" falsecount="2"/>
        <line num="613" count="0" type="stmt"/>
        <line num="614" count="0" type="stmt"/>
        <line num="615" count="0" type="stmt"/>
        <line num="620" count="0" type="stmt"/>
        <line num="622" count="0" type="stmt"/>
        <line num="624" count="0" type="cond" truecount="0" falsecount="2"/>
        <line num="625" count="0" type="stmt"/>
        <line num="629" count="0" type="cond" truecount="0" falsecount="4"/>
        <line num="630" count="0" type="stmt"/>
        <line num="640" count="0" type="stmt"/>
        <line num="641" count="0" type="stmt"/>
        <line num="647" count="0" type="stmt"/>
        <line num="648" count="0" type="stmt"/>
        <line num="649" count="0" type="stmt"/>
        <line num="652" count="0" type="stmt"/>
        <line num="654" count="0" type="stmt"/>
        <line num="656" count="0" type="cond" truecount="0" falsecount="2"/>
        <line num="657" count="0" type="stmt"/>
        <line num="665" count="0" type="cond" truecount="0" falsecount="4"/>
        <line num="666" count="0" type="stmt"/>
        <line num="676" count="0" type="stmt"/>
        <line num="677" count="0" type="stmt"/>
        <line num="680" count="0" type="stmt"/>
        <line num="685" count="0" type="stmt"/>
        <line num="686" count="0" type="cond" truecount="0" falsecount="2"/>
        <line num="688" count="0" type="stmt"/>
        <line num="691" count="0" type="stmt"/>
        <line num="693" count="0" type="stmt"/>
        <line num="695" count="0" type="cond" truecount="0" falsecount="2"/>
        <line num="696" count="0" type="stmt"/>
        <line num="700" count="0" type="cond" truecount="0" falsecount="4"/>
        <line num="701" count="0" type="stmt"/>
        <line num="711" count="0" type="stmt"/>
        <line num="712" count="0" type="stmt"/>
        <line num="718" count="0" type="stmt"/>
        <line num="719" count="0" type="cond" truecount="0" falsecount="2"/>
        <line num="722" count="0" type="stmt"/>
        <line num="725" count="0" type="stmt"/>
        <line num="726" count="0" type="cond" truecount="0" falsecount="2"/>
        <line num="727" count="0" type="stmt"/>
        <line num="730" count="0" type="stmt"/>
        <line num="732" count="0" type="cond" truecount="0" falsecount="2"/>
        <line num="733" count="0" type="stmt"/>
        <line num="734" count="0" type="cond" truecount="0" falsecount="2"/>
        <line num="739" count="0" type="stmt"/>
        <line num="741" count="0" type="cond" truecount="0" falsecount="2"/>
        <line num="743" count="0" type="stmt"/>
        <line num="744" count="0" type="stmt"/>
        <line num="748" count="0" type="cond" truecount="0" falsecount="4"/>
        <line num="750" count="0" type="stmt"/>
        <line num="751" count="0" type="stmt"/>
        <line num="759" count="0" type="stmt"/>
        <line num="769" count="0" type="stmt"/>
        <line num="776" count="0" type="cond" truecount="0" falsecount="2"/>
        <line num="779" count="0" type="stmt"/>
        <line num="782" count="0" type="stmt"/>
        <line num="783" count="0" type="stmt"/>
        <line num="786" count="0" type="stmt"/>
        <line num="789" count="0" type="stmt"/>
        <line num="790" count="0" type="cond" truecount="0" falsecount="2"/>
        <line num="796" count="0" type="stmt"/>
        <line num="797" count="0" type="stmt"/>
        <line num="798" count="0" type="cond" truecount="0" falsecount="2"/>
        <line num="799" count="0" type="stmt"/>
        <line num="801" count="0" type="cond" truecount="0" falsecount="4"/>
        <line num="802" count="0" type="stmt"/>
        <line num="813" count="0" type="stmt"/>
        <line num="818" count="0" type="stmt"/>
        <line num="823" count="0" type="stmt"/>
        <line num="826" count="2" type="stmt"/>
        <line num="830" count="0" type="stmt"/>
        <line num="831" count="0" type="stmt"/>
        <line num="834" count="0" type="stmt"/>
        <line num="842" count="0" type="stmt"/>
        <line num="845" count="0" type="cond" truecount="0" falsecount="2"/>
        <line num="846" count="0" type="stmt"/>
        <line num="850" count="0" type="stmt"/>
        <line num="852" count="0" type="stmt"/>
      </file>
    </package>
    <package name="src.utils">
      <metrics statements="17" coveredstatements="16" conditionals="10" coveredconditionals="8" methods="7" coveredmethods="7"/>
      <file name="autoTagger.ts" path="/Users/brixelectronics/Documents/mac/criticalinsight_repos/trello-local-sync/src/utils/autoTagger.ts">
        <metrics statements="8" coveredstatements="7" conditionals="4" coveredconditionals="2" methods="2" coveredmethods="2"/>
        <line num="6" count="1" type="stmt"/>
        <line num="54" count="8" type="cond" truecount="1" falsecount="1"/>
        <line num="56" count="8" type="stmt"/>
        <line num="57" count="8" type="stmt"/>
        <line num="59" count="8" type="stmt"/>
        <line num="60" count="456" type="cond" truecount="1" falsecount="1"/>
        <line num="61" count="0" type="stmt"/>
        <line num="66" count="8" type="stmt"/>
      </file>
      <file name="mcpMapper.ts" path="/Users/brixelectronics/Documents/mac/criticalinsight_repos/trello-local-sync/src/utils/mcpMapper.ts">
        <metrics statements="9" coveredstatements="9" conditionals="6" coveredconditionals="6" methods="5" coveredmethods="5"/>
        <line num="15" count="4" type="stmt"/>
        <line num="30" count="4" type="stmt"/>
        <line num="36" count="4" type="cond" truecount="4" falsecount="0"/>
        <line num="38" count="2" type="stmt"/>
        <line num="39" count="2" type="stmt"/>
        <line num="40" count="2" type="stmt"/>
        <line num="41" count="1" type="stmt"/>
        <line num="47" count="2" type="cond" truecount="2" falsecount="0"/>
        <line num="49" count="1" type="stmt"/>
      </file>
    </package>
  </project>
</coverage>
