{"/Users/brixelectronics/Documents/mac/criticalinsight_repos/trello-local-sync/src/aiService.ts": {"path":"/Users/brixelectronics/Documents/mac/criticalinsight_repos/trello-local-sync/src/aiService.ts","statementMap":{"0":{"start":{"line":21,"column":29},"end":{"line":27,"column":null}},"1":{"start":{"line":33,"column":20},"end":{"line":38,"column":null}},"2":{"start":{"line":43,"column":4},"end":{"line":49,"column":null}},"3":{"start":{"line":74,"column":33},"end":{"line":84,"column":null}},"4":{"start":{"line":86,"column":23},"end":{"line":86,"column":null}},"5":{"start":{"line":97,"column":4},"end":{"line":97,"column":null}},"6":{"start":{"line":147,"column":8},"end":{"line":147,"column":null}},"7":{"start":{"line":143,"column":15},"end":{"line":143,"column":null}},"8":{"start":{"line":144,"column":15},"end":{"line":144,"column":null}},"9":{"start":{"line":145,"column":15},"end":{"line":145,"column":36}},"10":{"start":{"line":148,"column":8},"end":{"line":148,"column":null}},"11":{"start":{"line":159,"column":23},"end":{"line":159,"column":null}},"12":{"start":{"line":160,"column":23},"end":{"line":160,"column":null}},"13":{"start":{"line":161,"column":24},"end":{"line":161,"column":null}},"14":{"start":{"line":163,"column":34},"end":{"line":163,"column":null}},"15":{"start":{"line":165,"column":4},"end":{"line":179,"column":null}},"16":{"start":{"line":166,"column":8},"end":{"line":178,"column":null}},"17":{"start":{"line":167,"column":12},"end":{"line":167,"column":null}},"18":{"start":{"line":168,"column":32},"end":{"line":168,"column":null}},"19":{"start":{"line":169,"column":27},"end":{"line":169,"column":null}},"20":{"start":{"line":170,"column":12},"end":{"line":170,"column":null}},"21":{"start":{"line":171,"column":12},"end":{"line":171,"column":null}},"22":{"start":{"line":173,"column":12},"end":{"line":173,"column":null}},"23":{"start":{"line":174,"column":12},"end":{"line":174,"column":null}},"24":{"start":{"line":175,"column":12},"end":{"line":177,"column":null}},"25":{"start":{"line":176,"column":16},"end":{"line":176,"column":null}},"26":{"start":{"line":181,"column":4},"end":{"line":181,"column":null}},"27":{"start":{"line":186,"column":60},"end":{"line":186,"column":null}},"28":{"start":{"line":187,"column":18},"end":{"line":187,"column":null}},"29":{"start":{"line":190,"column":4},"end":{"line":194,"column":null}},"30":{"start":{"line":191,"column":8},"end":{"line":193,"column":null}},"31":{"start":{"line":192,"column":12},"end":{"line":192,"column":null}},"32":{"start":{"line":195,"column":4},"end":{"line":195,"column":null}},"33":{"start":{"line":202,"column":93},"end":{"line":202,"column":null}},"34":{"start":{"line":203,"column":18},"end":{"line":203,"column":null}},"35":{"start":{"line":206,"column":4},"end":{"line":214,"column":null}},"36":{"start":{"line":207,"column":8},"end":{"line":213,"column":null}},"37":{"start":{"line":208,"column":12},"end":{"line":212,"column":null}},"38":{"start":{"line":215,"column":4},"end":{"line":215,"column":null}},"39":{"start":{"line":224,"column":22},"end":{"line":224,"column":null}},"40":{"start":{"line":227,"column":28},"end":{"line":227,"column":null}},"41":{"start":{"line":230,"column":4},"end":{"line":232,"column":null}},"42":{"start":{"line":231,"column":8},"end":{"line":231,"column":null}},"43":{"start":{"line":237,"column":4},"end":{"line":248,"column":null}},"44":{"start":{"line":238,"column":8},"end":{"line":238,"column":null}},"45":{"start":{"line":250,"column":22},"end":{"line":250,"column":null}},"46":{"start":{"line":251,"column":52},"end":{"line":251,"column":null}},"47":{"start":{"line":254,"column":4},"end":{"line":265,"column":null}},"48":{"start":{"line":255,"column":49},"end":{"line":255,"column":null}},"49":{"start":{"line":258,"column":8},"end":{"line":258,"column":null}},"50":{"start":{"line":261,"column":8},"end":{"line":263,"column":null}},"51":{"start":{"line":262,"column":12},"end":{"line":262,"column":null}},"52":{"start":{"line":264,"column":8},"end":{"line":264,"column":null}},"53":{"start":{"line":267,"column":40},"end":{"line":280,"column":null}},"54":{"start":{"line":283,"column":4},"end":{"line":287,"column":null}},"55":{"start":{"line":284,"column":8},"end":{"line":284,"column":null}},"56":{"start":{"line":286,"column":8},"end":{"line":286,"column":null}},"57":{"start":{"line":289,"column":23},"end":{"line":289,"column":null}},"58":{"start":{"line":290,"column":22},"end":{"line":290,"column":null}},"59":{"start":{"line":290,"column":39},"end":{"line":290,"column":59}},"60":{"start":{"line":292,"column":4},"end":{"line":406,"column":null}},"61":{"start":{"line":297,"column":24},"end":{"line":297,"column":null}},"62":{"start":{"line":298,"column":8},"end":{"line":334,"column":null}},"63":{"start":{"line":298,"column":21},"end":{"line":298,"column":24}},"64":{"start":{"line":299,"column":12},"end":{"line":333,"column":null}},"65":{"start":{"line":303,"column":16},"end":{"line":311,"column":null}},"66":{"start":{"line":313,"column":16},"end":{"line":313,"column":null}},"67":{"start":{"line":313,"column":33},"end":{"line":313,"column":null}},"68":{"start":{"line":316,"column":16},"end":{"line":318,"column":null}},"69":{"start":{"line":317,"column":20},"end":{"line":317,"column":null}},"70":{"start":{"line":321,"column":16},"end":{"line":321,"column":null}},"71":{"start":{"line":323,"column":16},"end":{"line":323,"column":null}},"72":{"start":{"line":324,"column":35},"end":{"line":324,"column":null}},"73":{"start":{"line":325,"column":16},"end":{"line":325,"column":null}},"74":{"start":{"line":325,"column":31},"end":{"line":325,"column":null}},"75":{"start":{"line":327,"column":16},"end":{"line":327,"column":null}},"76":{"start":{"line":327,"column":39},"end":{"line":327,"column":null}},"77":{"start":{"line":330,"column":30},"end":{"line":330,"column":null}},"78":{"start":{"line":331,"column":16},"end":{"line":331,"column":null}},"79":{"start":{"line":332,"column":16},"end":{"line":332,"column":null}},"80":{"start":{"line":332,"column":41},"end":{"line":332,"column":61}},"81":{"start":{"line":336,"column":8},"end":{"line":338,"column":null}},"82":{"start":{"line":337,"column":12},"end":{"line":337,"column":null}},"83":{"start":{"line":340,"column":8},"end":{"line":340,"column":null}},"84":{"start":{"line":342,"column":8},"end":{"line":358,"column":null}},"85":{"start":{"line":343,"column":28},"end":{"line":343,"column":null}},"86":{"start":{"line":344,"column":12},"end":{"line":344,"column":null}},"87":{"start":{"line":344,"column":18},"end":{"line":344,"column":53}},"88":{"start":{"line":346,"column":12},"end":{"line":348,"column":null}},"89":{"start":{"line":347,"column":16},"end":{"line":347,"column":null}},"90":{"start":{"line":349,"column":12},"end":{"line":351,"column":null}},"91":{"start":{"line":350,"column":16},"end":{"line":350,"column":null}},"92":{"start":{"line":352,"column":12},"end":{"line":357,"column":null}},"93":{"start":{"line":360,"column":22},"end":{"line":360,"column":null}},"94":{"start":{"line":369,"column":8},"end":{"line":373,"column":null}},"95":{"start":{"line":370,"column":12},"end":{"line":370,"column":null}},"96":{"start":{"line":371,"column":27},"end":{"line":371,"column":null}},"97":{"start":{"line":372,"column":12},"end":{"line":372,"column":null}},"98":{"start":{"line":376,"column":30},"end":{"line":376,"column":null}},"99":{"start":{"line":377,"column":24},"end":{"line":377,"column":null}},"100":{"start":{"line":378,"column":34},"end":{"line":378,"column":null}},"101":{"start":{"line":379,"column":35},"end":{"line":379,"column":null}},"102":{"start":{"line":381,"column":8},"end":{"line":388,"column":null}},"103":{"start":{"line":390,"column":8},"end":{"line":390,"column":null}},"104":{"start":{"line":391,"column":8},"end":{"line":391,"column":null}},"105":{"start":{"line":391,"column":38},"end":{"line":391,"column":null}},"106":{"start":{"line":393,"column":8},"end":{"line":393,"column":null}},"107":{"start":{"line":393,"column":47},"end":{"line":393,"column":null}},"108":{"start":{"line":395,"column":8},"end":{"line":395,"column":null}},"109":{"start":{"line":397,"column":8},"end":{"line":399,"column":null}},"110":{"start":{"line":398,"column":12},"end":{"line":398,"column":null}},"111":{"start":{"line":400,"column":8},"end":{"line":405,"column":null}},"112":{"start":{"line":415,"column":22},"end":{"line":415,"column":null}},"113":{"start":{"line":416,"column":24},"end":{"line":416,"column":null}},"114":{"start":{"line":418,"column":4},"end":{"line":462,"column":null}},"115":{"start":{"line":419,"column":8},"end":{"line":419,"column":null}},"116":{"start":{"line":419,"column":39},"end":{"line":419,"column":79}},"117":{"start":{"line":421,"column":8},"end":{"line":461,"column":null}},"118":{"start":{"line":422,"column":29},"end":{"line":422,"column":null}},"119":{"start":{"line":423,"column":12},"end":{"line":426,"column":null}},"120":{"start":{"line":424,"column":16},"end":{"line":424,"column":null}},"121":{"start":{"line":425,"column":16},"end":{"line":425,"column":null}},"122":{"start":{"line":428,"column":26},"end":{"line":428,"column":null}},"123":{"start":{"line":435,"column":12},"end":{"line":435,"column":null}},"124":{"start":{"line":437,"column":12},"end":{"line":451,"column":null}},"125":{"start":{"line":438,"column":38},"end":{"line":438,"column":null}},"126":{"start":{"line":439,"column":32},"end":{"line":439,"column":null}},"127":{"start":{"line":440,"column":42},"end":{"line":440,"column":null}},"128":{"start":{"line":441,"column":43},"end":{"line":441,"column":null}},"129":{"start":{"line":443,"column":16},"end":{"line":450,"column":null}},"130":{"start":{"line":453,"column":12},"end":{"line":455,"column":null}},"131":{"start":{"line":454,"column":16},"end":{"line":454,"column":null}},"132":{"start":{"line":459,"column":12},"end":{"line":459,"column":null}},"133":{"start":{"line":459,"column":42},"end":{"line":459,"column":null}},"134":{"start":{"line":460,"column":12},"end":{"line":460,"column":null}},"135":{"start":{"line":464,"column":4},"end":{"line":464,"column":null}},"136":{"start":{"line":469,"column":4},"end":{"line":469,"column":null}},"137":{"start":{"line":469,"column":19},"end":{"line":469,"column":null}},"138":{"start":{"line":471,"column":4},"end":{"line":477,"column":null}},"139":{"start":{"line":473,"column":23},"end":{"line":473,"column":null}},"140":{"start":{"line":474,"column":8},"end":{"line":474,"column":null}},"141":{"start":{"line":474,"column":40},"end":{"line":474,"column":null}},"142":{"start":{"line":475,"column":8},"end":{"line":475,"column":null}},"143":{"start":{"line":475,"column":26},"end":{"line":475,"column":null}},"144":{"start":{"line":476,"column":8},"end":{"line":476,"column":null}},"145":{"start":{"line":476,"column":29},"end":{"line":476,"column":null}},"146":{"start":{"line":480,"column":4},"end":{"line":480,"column":null}},"147":{"start":{"line":480,"column":22},"end":{"line":480,"column":null}},"148":{"start":{"line":483,"column":4},"end":{"line":483,"column":null}},"149":{"start":{"line":483,"column":27},"end":{"line":483,"column":null}},"150":{"start":{"line":485,"column":4},"end":{"line":485,"column":null}},"151":{"start":{"line":494,"column":44},"end":{"line":498,"column":null}},"152":{"start":{"line":502,"column":4},"end":{"line":508,"column":null}},"153":{"start":{"line":503,"column":8},"end":{"line":507,"column":null}},"154":{"start":{"line":504,"column":12},"end":{"line":504,"column":null}},"155":{"start":{"line":510,"column":19},"end":{"line":515,"column":null}},"156":{"start":{"line":517,"column":4},"end":{"line":517,"column":null}},"157":{"start":{"line":527,"column":33},"end":{"line":530,"column":null}},"158":{"start":{"line":531,"column":4},"end":{"line":531,"column":null}},"159":{"start":{"line":552,"column":25},"end":{"line":557,"column":null}},"160":{"start":{"line":568,"column":4},"end":{"line":587,"column":null}},"161":{"start":{"line":569,"column":23},"end":{"line":573,"column":null}},"162":{"start":{"line":576,"column":26},"end":{"line":576,"column":null}},"163":{"start":{"line":577,"column":8},"end":{"line":584,"column":null}},"164":{"start":{"line":578,"column":27},"end":{"line":578,"column":null}},"165":{"start":{"line":579,"column":12},"end":{"line":583,"column":null}},"166":{"start":{"line":586,"column":8},"end":{"line":586,"column":null}},"167":{"start":{"line":590,"column":4},"end":{"line":590,"column":null}},"168":{"start":{"line":606,"column":32},"end":{"line":609,"column":null}},"169":{"start":{"line":619,"column":4},"end":{"line":633,"column":null}},"170":{"start":{"line":620,"column":23},"end":{"line":624,"column":null}},"171":{"start":{"line":626,"column":26},"end":{"line":626,"column":null}},"172":{"start":{"line":627,"column":8},"end":{"line":630,"column":null}},"173":{"start":{"line":628,"column":27},"end":{"line":628,"column":null}},"174":{"start":{"line":629,"column":12},"end":{"line":629,"column":null}},"175":{"start":{"line":632,"column":8},"end":{"line":632,"column":null}},"176":{"start":{"line":636,"column":4},"end":{"line":636,"column":null}},"177":{"start":{"line":644,"column":4},"end":{"line":644,"column":null}},"178":{"start":{"line":644,"column":31},"end":{"line":644,"column":null}},"179":{"start":{"line":646,"column":4},"end":{"line":663,"column":null}},"180":{"start":{"line":647,"column":25},"end":{"line":651,"column":null}},"181":{"start":{"line":653,"column":8},"end":{"line":656,"column":null}},"182":{"start":{"line":654,"column":12},"end":{"line":654,"column":null}},"183":{"start":{"line":655,"column":12},"end":{"line":655,"column":null}},"184":{"start":{"line":658,"column":21},"end":{"line":658,"column":null}},"185":{"start":{"line":659,"column":8},"end":{"line":659,"column":null}},"186":{"start":{"line":661,"column":8},"end":{"line":661,"column":null}},"187":{"start":{"line":662,"column":8},"end":{"line":662,"column":null}}},"fnMap":{"0":{"name":"configureAI","decl":{"start":{"line":96,"column":16},"end":{"line":96,"column":28}},"loc":{"start":{"line":96,"column":64},"end":{"line":98,"column":null}},"line":96},"1":{"name":"(anonymous_1)","decl":{"start":{"line":141,"column":4},"end":{"line":141,"column":null}},"loc":{"start":{"line":146,"column":6},"end":{"line":149,"column":null}},"line":146},"2":{"name":"generateWithFallback","decl":{"start":{"line":158,"column":22},"end":{"line":158,"column":43}},"loc":{"start":{"line":158,"column":96},"end":{"line":182,"column":null}},"line":158},"3":{"name":"parseMemories","decl":{"start":{"line":185,"column":9},"end":{"line":185,"column":23}},"loc":{"start":{"line":185,"column":79},"end":{"line":196,"column":null}},"line":185},"4":{"name":"parseRelations","decl":{"start":{"line":199,"column":9},"end":{"line":199,"column":null}},"loc":{"start":{"line":201,"column":73},"end":{"line":216,"column":null}},"line":201},"5":{"name":"generateWithModel","decl":{"start":{"line":219,"column":15},"end":{"line":219,"column":null}},"loc":{"start":{"line":223,"column":29},"end":{"line":407,"column":null}},"line":223},"6":{"name":"(anonymous_6)","decl":{"start":{"line":290,"column":33},"end":{"line":290,"column":39}},"loc":{"start":{"line":290,"column":39},"end":{"line":290,"column":59}},"line":290},"7":{"name":"(anonymous_7)","decl":{"start":{"line":332,"column":34},"end":{"line":332,"column":35}},"loc":{"start":{"line":332,"column":41},"end":{"line":332,"column":61}},"line":332},"8":{"name":"pollJobStatus","decl":{"start":{"line":410,"column":15},"end":{"line":410,"column":null}},"loc":{"start":{"line":414,"column":29},"end":{"line":465,"column":null}},"line":414},"9":{"name":"(anonymous_9)","decl":{"start":{"line":419,"column":26},"end":{"line":419,"column":27}},"loc":{"start":{"line":419,"column":39},"end":{"line":419,"column":79}},"line":419},"10":{"name":"extractContent","decl":{"start":{"line":468,"column":9},"end":{"line":468,"column":24}},"loc":{"start":{"line":468,"column":43},"end":{"line":486,"column":null}},"line":468},"11":{"name":"generate","decl":{"start":{"line":489,"column":22},"end":{"line":489,"column":null}},"loc":{"start":{"line":493,"column":19},"end":{"line":518,"column":null}},"line":493},"12":{"name":"generateArenaOutput","decl":{"start":{"line":523,"column":22},"end":{"line":523,"column":null}},"loc":{"start":{"line":526,"column":71},"end":{"line":532,"column":null}},"line":526},"13":{"name":"critiqueOutput","decl":{"start":{"line":548,"column":22},"end":{"line":548,"column":null}},"loc":{"start":{"line":551,"column":27},"end":{"line":591,"column":null}},"line":551},"14":{"name":"decomposeTask","decl":{"start":{"line":602,"column":22},"end":{"line":602,"column":null}},"loc":{"start":{"line":605,"column":29},"end":{"line":637,"column":null}},"line":605},"15":{"name":"getEmbedding","decl":{"start":{"line":643,"column":22},"end":{"line":643,"column":35}},"loc":{"start":{"line":643,"column":68},"end":{"line":664,"column":null}},"line":643}},"branchMap":{"0":{"loc":{"start":{"line":76,"column":8},"end":{"line":77,"column":null}},"type":"binary-expr","locations":[{"start":{"line":76,"column":8},"end":{"line":76,"column":null}},{"start":{"line":77,"column":9},"end":{"line":77,"column":null}}],"line":76},"1":{"loc":{"start":{"line":77,"column":9},"end":{"line":77,"column":null}},"type":"cond-expr","locations":[{"start":{"line":77,"column":32},"end":{"line":77,"column":80}},{"start":{"line":77,"column":80},"end":{"line":77,"column":null}}],"line":77},"2":{"loc":{"start":{"line":145,"column":15},"end":{"line":145,"column":null}},"type":"default-arg","locations":[{"start":{"line":145,"column":36},"end":{"line":145,"column":null}}],"line":145},"3":{"loc":{"start":{"line":159,"column":23},"end":{"line":159,"column":null}},"type":"binary-expr","locations":[{"start":{"line":159,"column":23},"end":{"line":159,"column":40}},{"start":{"line":159,"column":40},"end":{"line":159,"column":null}}],"line":159},"4":{"loc":{"start":{"line":161,"column":24},"end":{"line":161,"column":null}},"type":"cond-expr","locations":[{"start":{"line":161,"column":48},"end":{"line":161,"column":82}},{"start":{"line":161,"column":82},"end":{"line":161,"column":null}}],"line":161},"5":{"loc":{"start":{"line":175,"column":12},"end":{"line":177,"column":null}},"type":"if","locations":[{"start":{"line":175,"column":12},"end":{"line":177,"column":null}},{"start":{},"end":{}}],"line":175},"6":{"loc":{"start":{"line":175,"column":16},"end":{"line":175,"column":62}},"type":"binary-expr","locations":[{"start":{"line":175,"column":16},"end":{"line":175,"column":44}},{"start":{"line":175,"column":44},"end":{"line":175,"column":62}}],"line":175},"7":{"loc":{"start":{"line":181,"column":10},"end":{"line":181,"column":null}},"type":"binary-expr","locations":[{"start":{"line":181,"column":10},"end":{"line":181,"column":23}},{"start":{"line":181,"column":23},"end":{"line":181,"column":null}}],"line":181},"8":{"loc":{"start":{"line":191,"column":8},"end":{"line":193,"column":null}},"type":"if","locations":[{"start":{"line":191,"column":8},"end":{"line":193,"column":null}},{"start":{},"end":{}}],"line":191},"9":{"loc":{"start":{"line":191,"column":12},"end":{"line":191,"column":34}},"type":"binary-expr","locations":[{"start":{"line":191,"column":12},"end":{"line":191,"column":24}},{"start":{"line":191,"column":24},"end":{"line":191,"column":34}}],"line":191},"10":{"loc":{"start":{"line":207,"column":8},"end":{"line":213,"column":null}},"type":"if","locations":[{"start":{"line":207,"column":8},"end":{"line":213,"column":null}},{"start":{},"end":{}}],"line":207},"11":{"loc":{"start":{"line":207,"column":12},"end":{"line":207,"column":46}},"type":"binary-expr","locations":[{"start":{"line":207,"column":12},"end":{"line":207,"column":24}},{"start":{"line":207,"column":24},"end":{"line":207,"column":36}},{"start":{"line":207,"column":36},"end":{"line":207,"column":46}}],"line":207},"12":{"loc":{"start":{"line":227,"column":28},"end":{"line":227,"column":null}},"type":"binary-expr","locations":[{"start":{"line":227,"column":28},"end":{"line":227,"column":58}},{"start":{"line":227,"column":58},"end":{"line":227,"column":null}}],"line":227},"13":{"loc":{"start":{"line":230,"column":4},"end":{"line":232,"column":null}},"type":"if","locations":[{"start":{"line":230,"column":4},"end":{"line":232,"column":null}},{"start":{},"end":{}}],"line":230},"14":{"loc":{"start":{"line":237,"column":4},"end":{"line":248,"column":null}},"type":"if","locations":[{"start":{"line":237,"column":4},"end":{"line":248,"column":null}},{"start":{},"end":{}}],"line":237},"15":{"loc":{"start":{"line":250,"column":22},"end":{"line":250,"column":null}},"type":"cond-expr","locations":[{"start":{"line":250,"column":42},"end":{"line":250,"column":88}},{"start":{"line":250,"column":88},"end":{"line":250,"column":null}}],"line":250},"16":{"loc":{"start":{"line":254,"column":4},"end":{"line":265,"column":null}},"type":"if","locations":[{"start":{"line":254,"column":4},"end":{"line":265,"column":null}},{"start":{},"end":{}}],"line":254},"17":{"loc":{"start":{"line":254,"column":8},"end":{"line":254,"column":73}},"type":"binary-expr","locations":[{"start":{"line":254,"column":8},"end":{"line":254,"column":36}},{"start":{"line":254,"column":36},"end":{"line":254,"column":73}}],"line":254},"18":{"loc":{"start":{"line":271,"column":15},"end":{"line":271,"column":null}},"type":"cond-expr","locations":[{"start":{"line":271,"column":34},"end":{"line":271,"column":101}},{"start":{"line":271,"column":101},"end":{"line":271,"column":null}}],"line":271},"19":{"loc":{"start":{"line":278,"column":32},"end":{"line":278,"column":null}},"type":"cond-expr","locations":[{"start":{"line":278,"column":56},"end":{"line":278,"column":65}},{"start":{"line":278,"column":65},"end":{"line":278,"column":null}}],"line":278},"20":{"loc":{"start":{"line":283,"column":4},"end":{"line":287,"column":null}},"type":"if","locations":[{"start":{"line":283,"column":4},"end":{"line":287,"column":null}},{"start":{"line":285,"column":11},"end":{"line":287,"column":null}}],"line":283},"21":{"loc":{"start":{"line":307,"column":28},"end":{"line":307,"column":null}},"type":"cond-expr","locations":[{"start":{"line":307,"column":44},"end":{"line":307,"column":91}},{"start":{"line":307,"column":91},"end":{"line":307,"column":null}}],"line":307},"22":{"loc":{"start":{"line":313,"column":16},"end":{"line":313,"column":null}},"type":"if","locations":[{"start":{"line":313,"column":16},"end":{"line":313,"column":null}},{"start":{},"end":{}}],"line":313},"23":{"loc":{"start":{"line":316,"column":16},"end":{"line":318,"column":null}},"type":"if","locations":[{"start":{"line":316,"column":16},"end":{"line":318,"column":null}},{"start":{},"end":{}}],"line":316},"24":{"loc":{"start":{"line":316,"column":20},"end":{"line":316,"column":71}},"type":"binary-expr","locations":[{"start":{"line":316,"column":20},"end":{"line":316,"column":47}},{"start":{"line":316,"column":47},"end":{"line":316,"column":71}}],"line":316},"25":{"loc":{"start":{"line":325,"column":16},"end":{"line":325,"column":null}},"type":"if","locations":[{"start":{"line":325,"column":16},"end":{"line":325,"column":null}},{"start":{},"end":{}}],"line":325},"26":{"loc":{"start":{"line":327,"column":16},"end":{"line":327,"column":null}},"type":"if","locations":[{"start":{"line":327,"column":16},"end":{"line":327,"column":null}},{"start":{},"end":{}}],"line":327},"27":{"loc":{"start":{"line":336,"column":8},"end":{"line":338,"column":null}},"type":"if","locations":[{"start":{"line":336,"column":8},"end":{"line":338,"column":null}},{"start":{},"end":{}}],"line":336},"28":{"loc":{"start":{"line":337,"column":18},"end":{"line":337,"column":null}},"type":"binary-expr","locations":[{"start":{"line":337,"column":18},"end":{"line":337,"column":29}},{"start":{"line":337,"column":29},"end":{"line":337,"column":null}}],"line":337},"29":{"loc":{"start":{"line":342,"column":8},"end":{"line":358,"column":null}},"type":"if","locations":[{"start":{"line":342,"column":8},"end":{"line":358,"column":null}},{"start":{},"end":{}}],"line":342},"30":{"loc":{"start":{"line":346,"column":12},"end":{"line":348,"column":null}},"type":"if","locations":[{"start":{"line":346,"column":12},"end":{"line":348,"column":null}},{"start":{},"end":{}}],"line":346},"31":{"loc":{"start":{"line":349,"column":12},"end":{"line":351,"column":null}},"type":"if","locations":[{"start":{"line":349,"column":12},"end":{"line":351,"column":null}},{"start":{},"end":{}}],"line":349},"32":{"loc":{"start":{"line":369,"column":8},"end":{"line":373,"column":null}},"type":"if","locations":[{"start":{"line":369,"column":8},"end":{"line":373,"column":null}},{"start":{},"end":{}}],"line":369},"33":{"loc":{"start":{"line":369,"column":12},"end":{"line":369,"column":90}},"type":"binary-expr","locations":[{"start":{"line":369,"column":12},"end":{"line":369,"column":46}},{"start":{"line":369,"column":46},"end":{"line":369,"column":60}},{"start":{"line":369,"column":60},"end":{"line":369,"column":90}}],"line":369},"34":{"loc":{"start":{"line":391,"column":8},"end":{"line":391,"column":null}},"type":"if","locations":[{"start":{"line":391,"column":8},"end":{"line":391,"column":null}},{"start":{},"end":{}}],"line":391},"35":{"loc":{"start":{"line":393,"column":8},"end":{"line":393,"column":null}},"type":"if","locations":[{"start":{"line":393,"column":8},"end":{"line":393,"column":null}},{"start":{},"end":{}}],"line":393},"36":{"loc":{"start":{"line":397,"column":8},"end":{"line":399,"column":null}},"type":"if","locations":[{"start":{"line":397,"column":8},"end":{"line":399,"column":null}},{"start":{},"end":{}}],"line":397},"37":{"loc":{"start":{"line":423,"column":12},"end":{"line":426,"column":null}},"type":"if","locations":[{"start":{"line":423,"column":12},"end":{"line":426,"column":null}},{"start":{},"end":{}}],"line":423},"38":{"loc":{"start":{"line":437,"column":12},"end":{"line":451,"column":null}},"type":"if","locations":[{"start":{"line":437,"column":12},"end":{"line":451,"column":null}},{"start":{},"end":{}}],"line":437},"39":{"loc":{"start":{"line":439,"column":32},"end":{"line":439,"column":null}},"type":"binary-expr","locations":[{"start":{"line":439,"column":32},"end":{"line":439,"column":45}},{"start":{"line":439,"column":45},"end":{"line":439,"column":null}}],"line":439},"40":{"loc":{"start":{"line":453,"column":12},"end":{"line":455,"column":null}},"type":"if","locations":[{"start":{"line":453,"column":12},"end":{"line":455,"column":null}},{"start":{},"end":{}}],"line":453},"41":{"loc":{"start":{"line":454,"column":34},"end":{"line":454,"column":62}},"type":"binary-expr","locations":[{"start":{"line":454,"column":34},"end":{"line":454,"column":48}},{"start":{"line":454,"column":48},"end":{"line":454,"column":62}}],"line":454},"42":{"loc":{"start":{"line":459,"column":12},"end":{"line":459,"column":null}},"type":"if","locations":[{"start":{"line":459,"column":12},"end":{"line":459,"column":null}},{"start":{},"end":{}}],"line":459},"43":{"loc":{"start":{"line":469,"column":4},"end":{"line":469,"column":null}},"type":"if","locations":[{"start":{"line":469,"column":4},"end":{"line":469,"column":null}},{"start":{},"end":{}}],"line":469},"44":{"loc":{"start":{"line":471,"column":4},"end":{"line":477,"column":null}},"type":"if","locations":[{"start":{"line":471,"column":4},"end":{"line":477,"column":null}},{"start":{},"end":{}}],"line":471},"45":{"loc":{"start":{"line":471,"column":8},"end":{"line":471,"column":80}},"type":"binary-expr","locations":[{"start":{"line":471,"column":8},"end":{"line":471,"column":24}},{"start":{"line":471,"column":24},"end":{"line":471,"column":55}},{"start":{"line":471,"column":55},"end":{"line":471,"column":80}}],"line":471},"46":{"loc":{"start":{"line":474,"column":8},"end":{"line":474,"column":null}},"type":"if","locations":[{"start":{"line":474,"column":8},"end":{"line":474,"column":null}},{"start":{},"end":{}}],"line":474},"47":{"loc":{"start":{"line":475,"column":8},"end":{"line":475,"column":null}},"type":"if","locations":[{"start":{"line":475,"column":8},"end":{"line":475,"column":null}},{"start":{},"end":{}}],"line":475},"48":{"loc":{"start":{"line":476,"column":8},"end":{"line":476,"column":null}},"type":"if","locations":[{"start":{"line":476,"column":8},"end":{"line":476,"column":null}},{"start":{},"end":{}}],"line":476},"49":{"loc":{"start":{"line":480,"column":4},"end":{"line":480,"column":null}},"type":"if","locations":[{"start":{"line":480,"column":4},"end":{"line":480,"column":null}},{"start":{},"end":{}}],"line":480},"50":{"loc":{"start":{"line":483,"column":4},"end":{"line":483,"column":null}},"type":"if","locations":[{"start":{"line":483,"column":4},"end":{"line":483,"column":null}},{"start":{},"end":{}}],"line":483},"51":{"loc":{"start":{"line":502,"column":4},"end":{"line":508,"column":null}},"type":"if","locations":[{"start":{"line":502,"column":4},"end":{"line":508,"column":null}},{"start":{},"end":{}}],"line":502},"52":{"loc":{"start":{"line":511,"column":16},"end":{"line":511,"column":null}},"type":"cond-expr","locations":[{"start":{"line":511,"column":37},"end":{"line":511,"column":76}},{"start":{"line":511,"column":76},"end":{"line":511,"column":null}}],"line":511},"53":{"loc":{"start":{"line":557,"column":2},"end":{"line":557,"column":55}},"type":"cond-expr","locations":[{"start":{"line":557,"column":16},"end":{"line":557,"column":53}},{"start":{"line":557,"column":53},"end":{"line":557,"column":55}}],"line":557},"54":{"loc":{"start":{"line":577,"column":8},"end":{"line":584,"column":null}},"type":"if","locations":[{"start":{"line":577,"column":8},"end":{"line":584,"column":null}},{"start":{},"end":{}}],"line":577},"55":{"loc":{"start":{"line":580,"column":23},"end":{"line":580,"column":null}},"type":"binary-expr","locations":[{"start":{"line":580,"column":23},"end":{"line":580,"column":39}},{"start":{"line":580,"column":39},"end":{"line":580,"column":null}}],"line":580},"56":{"loc":{"start":{"line":581,"column":22},"end":{"line":581,"column":null}},"type":"binary-expr","locations":[{"start":{"line":581,"column":22},"end":{"line":581,"column":37}},{"start":{"line":581,"column":37},"end":{"line":581,"column":null}}],"line":581},"57":{"loc":{"start":{"line":582,"column":26},"end":{"line":582,"column":null}},"type":"binary-expr","locations":[{"start":{"line":582,"column":26},"end":{"line":582,"column":45}},{"start":{"line":582,"column":45},"end":{"line":582,"column":null}}],"line":582},"58":{"loc":{"start":{"line":604,"column":4},"end":{"line":604,"column":null}},"type":"default-arg","locations":[{"start":{"line":604,"column":26},"end":{"line":604,"column":null}}],"line":604},"59":{"loc":{"start":{"line":627,"column":8},"end":{"line":630,"column":null}},"type":"if","locations":[{"start":{"line":627,"column":8},"end":{"line":630,"column":null}},{"start":{},"end":{}}],"line":627},"60":{"loc":{"start":{"line":644,"column":4},"end":{"line":644,"column":null}},"type":"if","locations":[{"start":{"line":644,"column":4},"end":{"line":644,"column":null}},{"start":{},"end":{}}],"line":644},"61":{"loc":{"start":{"line":644,"column":8},"end":{"line":644,"column":31}},"type":"binary-expr","locations":[{"start":{"line":644,"column":8},"end":{"line":644,"column":17}},{"start":{"line":644,"column":17},"end":{"line":644,"column":31}}],"line":644},"62":{"loc":{"start":{"line":653,"column":8},"end":{"line":656,"column":null}},"type":"if","locations":[{"start":{"line":653,"column":8},"end":{"line":656,"column":null}},{"start":{},"end":{}}],"line":653},"63":{"loc":{"start":{"line":659,"column":15},"end":{"line":659,"column":null}},"type":"binary-expr","locations":[{"start":{"line":659,"column":15},"end":{"line":659,"column":33}},{"start":{"line":659,"column":33},"end":{"line":659,"column":null}}],"line":659}},"s":{"0":3,"1":3,"2":3,"3":3,"4":3,"5":13,"6":8,"7":8,"8":8,"9":8,"10":8,"11":18,"12":18,"13":18,"14":18,"15":18,"16":18,"17":18,"18":18,"19":18,"20":12,"21":12,"22":6,"23":6,"24":6,"25":3,"26":3,"27":12,"28":12,"29":12,"30":3,"31":3,"32":12,"33":12,"34":12,"35":12,"36":0,"37":0,"38":12,"39":18,"40":18,"41":18,"42":0,"43":18,"44":18,"45":18,"46":18,"47":18,"48":1,"49":1,"50":1,"51":1,"52":1,"53":18,"54":18,"55":2,"56":16,"57":18,"58":18,"59":1,"60":18,"61":18,"62":18,"63":18,"64":27,"65":27,"66":25,"67":14,"68":11,"69":9,"70":2,"71":11,"72":11,"73":11,"74":0,"75":11,"76":2,"77":9,"78":9,"79":9,"80":9,"81":27,"82":0,"83":18,"84":18,"85":4,"86":4,"87":4,"88":4,"89":0,"90":4,"91":2,"92":2,"93":14,"94":14,"95":2,"96":2,"97":1,"98":12,"99":12,"100":12,"101":12,"102":12,"103":6,"104":6,"105":5,"106":1,"107":0,"108":1,"109":1,"110":0,"111":1,"112":2,"113":2,"114":2,"115":2,"116":2,"117":2,"118":2,"119":2,"120":0,"121":0,"122":2,"123":2,"124":2,"125":1,"126":1,"127":1,"128":1,"129":1,"130":1,"131":1,"132":1,"133":1,"134":0,"135":0,"136":12,"137":7,"138":5,"139":4,"140":4,"141":0,"142":4,"143":4,"144":0,"145":0,"146":1,"147":1,"148":1,"149":0,"150":1,"151":6,"152":6,"153":0,"154":0,"155":6,"156":3,"157":0,"158":0,"159":3,"160":3,"161":3,"162":3,"163":3,"164":1,"165":1,"166":0,"167":2,"168":3,"169":3,"170":3,"171":3,"172":3,"173":1,"174":1,"175":0,"176":2,"177":3,"178":0,"179":3,"180":3,"181":2,"182":1,"183":1,"184":1,"185":1,"186":1,"187":1},"f":{"0":13,"1":8,"2":18,"3":12,"4":12,"5":18,"6":1,"7":9,"8":2,"9":2,"10":12,"11":6,"12":0,"13":3,"14":3,"15":3},"b":{"0":[3,3],"1":[0,3],"2":[8],"3":[18,10],"4":[14,4],"5":[3,3],"6":[6,6],"7":[3,0],"8":[3,0],"9":[3,3],"10":[0,0],"11":[0,0,0],"12":[18,17],"13":[0,18],"14":[18,0],"15":[18,0],"16":[1,17],"17":[18,1],"18":[0,18],"19":[0,18],"20":[2,16],"21":[27,0],"22":[14,11],"23":[9,2],"24":[11,9],"25":[0,11],"26":[2,9],"27":[0,27],"28":[0,0],"29":[4,14],"30":[0,4],"31":[2,2],"32":[2,12],"33":[14,2,2],"34":[5,1],"35":[0,1],"36":[0,1],"37":[0,2],"38":[1,1],"39":[1,0],"40":[1,0],"41":[1,0],"42":[1,0],"43":[7,5],"44":[4,1],"45":[5,4,4],"46":[0,4],"47":[4,0],"48":[0,0],"49":[0,1],"50":[0,1],"51":[0,6],"52":[1,5],"53":[0,3],"54":[1,2],"55":[1,0],"56":[1,0],"57":[1,0],"58":[3],"59":[1,2],"60":[0,3],"61":[3,3],"62":[1,1],"63":[1,0]},"meta":{"lastBranch":64,"lastFunction":16,"lastStatement":188,"seen":{"s:21:29:27:Infinity":0,"s:33:20:38:Infinity":1,"s:43:4:49:Infinity":2,"s:74:33:84:Infinity":3,"b:76:8:76:Infinity:77:9:77:Infinity":0,"b:77:32:77:80:77:80:77:Infinity":1,"s:86:23:86:Infinity":4,"f:96:16:96:28":0,"s:97:4:97:Infinity":5,"f:141:4:141:Infinity":1,"b:145:36:145:Infinity":2,"s:147:8:147:Infinity":6,"s:143:15:143:Infinity":7,"s:144:15:144:Infinity":8,"s:145:15:145:36":9,"s:148:8:148:Infinity":10,"f:158:22:158:43":2,"s:159:23:159:Infinity":11,"b:159:23:159:40:159:40:159:Infinity":3,"s:160:23:160:Infinity":12,"s:161:24:161:Infinity":13,"b:161:48:161:82:161:82:161:Infinity":4,"s:163:34:163:Infinity":14,"s:165:4:179:Infinity":15,"s:166:8:178:Infinity":16,"s:167:12:167:Infinity":17,"s:168:32:168:Infinity":18,"s:169:27:169:Infinity":19,"s:170:12:170:Infinity":20,"s:171:12:171:Infinity":21,"s:173:12:173:Infinity":22,"s:174:12:174:Infinity":23,"b:175:12:177:Infinity:undefined:undefined:undefined:undefined":5,"s:175:12:177:Infinity":24,"b:175:16:175:44:175:44:175:62":6,"s:176:16:176:Infinity":25,"s:181:4:181:Infinity":26,"b:181:10:181:23:181:23:181:Infinity":7,"f:185:9:185:23":3,"s:186:60:186:Infinity":27,"s:187:18:187:Infinity":28,"s:190:4:194:Infinity":29,"b:191:8:193:Infinity:undefined:undefined:undefined:undefined":8,"s:191:8:193:Infinity":30,"b:191:12:191:24:191:24:191:34":9,"s:192:12:192:Infinity":31,"s:195:4:195:Infinity":32,"f:199:9:199:Infinity":4,"s:202:93:202:Infinity":33,"s:203:18:203:Infinity":34,"s:206:4:214:Infinity":35,"b:207:8:213:Infinity:undefined:undefined:undefined:undefined":10,"s:207:8:213:Infinity":36,"b:207:12:207:24:207:24:207:36:207:36:207:46":11,"s:208:12:212:Infinity":37,"s:215:4:215:Infinity":38,"f:219:15:219:Infinity":5,"s:224:22:224:Infinity":39,"s:227:28:227:Infinity":40,"b:227:28:227:58:227:58:227:Infinity":12,"b:230:4:232:Infinity:undefined:undefined:undefined:undefined":13,"s:230:4:232:Infinity":41,"s:231:8:231:Infinity":42,"b:237:4:248:Infinity:undefined:undefined:undefined:undefined":14,"s:237:4:248:Infinity":43,"s:238:8:238:Infinity":44,"s:250:22:250:Infinity":45,"b:250:42:250:88:250:88:250:Infinity":15,"s:251:52:251:Infinity":46,"b:254:4:265:Infinity:undefined:undefined:undefined:undefined":16,"s:254:4:265:Infinity":47,"b:254:8:254:36:254:36:254:73":17,"s:255:49:255:Infinity":48,"s:258:8:258:Infinity":49,"s:261:8:263:Infinity":50,"s:262:12:262:Infinity":51,"s:264:8:264:Infinity":52,"s:267:40:280:Infinity":53,"b:271:34:271:101:271:101:271:Infinity":18,"b:278:56:278:65:278:65:278:Infinity":19,"b:283:4:287:Infinity:285:11:287:Infinity":20,"s:283:4:287:Infinity":54,"s:284:8:284:Infinity":55,"s:286:8:286:Infinity":56,"s:289:23:289:Infinity":57,"s:290:22:290:Infinity":58,"f:290:33:290:39":6,"s:290:39:290:59":59,"s:292:4:406:Infinity":60,"s:297:24:297:Infinity":61,"s:298:8:334:Infinity":62,"s:298:21:298:24":63,"s:299:12:333:Infinity":64,"s:303:16:311:Infinity":65,"b:307:44:307:91:307:91:307:Infinity":21,"b:313:16:313:Infinity:undefined:undefined:undefined:undefined":22,"s:313:16:313:Infinity":66,"s:313:33:313:Infinity":67,"b:316:16:318:Infinity:undefined:undefined:undefined:undefined":23,"s:316:16:318:Infinity":68,"b:316:20:316:47:316:47:316:71":24,"s:317:20:317:Infinity":69,"s:321:16:321:Infinity":70,"s:323:16:323:Infinity":71,"s:324:35:324:Infinity":72,"b:325:16:325:Infinity:undefined:undefined:undefined:undefined":25,"s:325:16:325:Infinity":73,"s:325:31:325:Infinity":74,"b:327:16:327:Infinity:undefined:undefined:undefined:undefined":26,"s:327:16:327:Infinity":75,"s:327:39:327:Infinity":76,"s:330:30:330:Infinity":77,"s:331:16:331:Infinity":78,"s:332:16:332:Infinity":79,"f:332:34:332:35":7,"s:332:41:332:61":80,"b:336:8:338:Infinity:undefined:undefined:undefined:undefined":27,"s:336:8:338:Infinity":81,"s:337:12:337:Infinity":82,"b:337:18:337:29:337:29:337:Infinity":28,"s:340:8:340:Infinity":83,"b:342:8:358:Infinity:undefined:undefined:undefined:undefined":29,"s:342:8:358:Infinity":84,"s:343:28:343:Infinity":85,"s:344:12:344:Infinity":86,"s:344:18:344:53":87,"b:346:12:348:Infinity:undefined:undefined:undefined:undefined":30,"s:346:12:348:Infinity":88,"s:347:16:347:Infinity":89,"b:349:12:351:Infinity:undefined:undefined:undefined:undefined":31,"s:349:12:351:Infinity":90,"s:350:16:350:Infinity":91,"s:352:12:357:Infinity":92,"s:360:22:360:Infinity":93,"b:369:8:373:Infinity:undefined:undefined:undefined:undefined":32,"s:369:8:373:Infinity":94,"b:369:12:369:46:369:46:369:60:369:60:369:90":33,"s:370:12:370:Infinity":95,"s:371:27:371:Infinity":96,"s:372:12:372:Infinity":97,"s:376:30:376:Infinity":98,"s:377:24:377:Infinity":99,"s:378:34:378:Infinity":100,"s:379:35:379:Infinity":101,"s:381:8:388:Infinity":102,"s:390:8:390:Infinity":103,"b:391:8:391:Infinity:undefined:undefined:undefined:undefined":34,"s:391:8:391:Infinity":104,"s:391:38:391:Infinity":105,"b:393:8:393:Infinity:undefined:undefined:undefined:undefined":35,"s:393:8:393:Infinity":106,"s:393:47:393:Infinity":107,"s:395:8:395:Infinity":108,"b:397:8:399:Infinity:undefined:undefined:undefined:undefined":36,"s:397:8:399:Infinity":109,"s:398:12:398:Infinity":110,"s:400:8:405:Infinity":111,"f:410:15:410:Infinity":8,"s:415:22:415:Infinity":112,"s:416:24:416:Infinity":113,"s:418:4:462:Infinity":114,"s:419:8:419:Infinity":115,"f:419:26:419:27":9,"s:419:39:419:79":116,"s:421:8:461:Infinity":117,"s:422:29:422:Infinity":118,"b:423:12:426:Infinity:undefined:undefined:undefined:undefined":37,"s:423:12:426:Infinity":119,"s:424:16:424:Infinity":120,"s:425:16:425:Infinity":121,"s:428:26:428:Infinity":122,"s:435:12:435:Infinity":123,"b:437:12:451:Infinity:undefined:undefined:undefined:undefined":38,"s:437:12:451:Infinity":124,"s:438:38:438:Infinity":125,"s:439:32:439:Infinity":126,"b:439:32:439:45:439:45:439:Infinity":39,"s:440:42:440:Infinity":127,"s:441:43:441:Infinity":128,"s:443:16:450:Infinity":129,"b:453:12:455:Infinity:undefined:undefined:undefined:undefined":40,"s:453:12:455:Infinity":130,"s:454:16:454:Infinity":131,"b:454:34:454:48:454:48:454:62":41,"b:459:12:459:Infinity:undefined:undefined:undefined:undefined":42,"s:459:12:459:Infinity":132,"s:459:42:459:Infinity":133,"s:460:12:460:Infinity":134,"s:464:4:464:Infinity":135,"f:468:9:468:24":10,"b:469:4:469:Infinity:undefined:undefined:undefined:undefined":43,"s:469:4:469:Infinity":136,"s:469:19:469:Infinity":137,"b:471:4:477:Infinity:undefined:undefined:undefined:undefined":44,"s:471:4:477:Infinity":138,"b:471:8:471:24:471:24:471:55:471:55:471:80":45,"s:473:23:473:Infinity":139,"b:474:8:474:Infinity:undefined:undefined:undefined:undefined":46,"s:474:8:474:Infinity":140,"s:474:40:474:Infinity":141,"b:475:8:475:Infinity:undefined:undefined:undefined:undefined":47,"s:475:8:475:Infinity":142,"s:475:26:475:Infinity":143,"b:476:8:476:Infinity:undefined:undefined:undefined:undefined":48,"s:476:8:476:Infinity":144,"s:476:29:476:Infinity":145,"b:480:4:480:Infinity:undefined:undefined:undefined:undefined":49,"s:480:4:480:Infinity":146,"s:480:22:480:Infinity":147,"b:483:4:483:Infinity:undefined:undefined:undefined:undefined":50,"s:483:4:483:Infinity":148,"s:483:27:483:Infinity":149,"s:485:4:485:Infinity":150,"f:489:22:489:Infinity":11,"s:494:44:498:Infinity":151,"b:502:4:508:Infinity:undefined:undefined:undefined:undefined":51,"s:502:4:508:Infinity":152,"s:503:8:507:Infinity":153,"s:504:12:504:Infinity":154,"s:510:19:515:Infinity":155,"b:511:37:511:76:511:76:511:Infinity":52,"s:517:4:517:Infinity":156,"f:523:22:523:Infinity":12,"s:527:33:530:Infinity":157,"s:531:4:531:Infinity":158,"f:548:22:548:Infinity":13,"s:552:25:557:Infinity":159,"b:557:16:557:53:557:53:557:55":53,"s:568:4:587:Infinity":160,"s:569:23:573:Infinity":161,"s:576:26:576:Infinity":162,"b:577:8:584:Infinity:undefined:undefined:undefined:undefined":54,"s:577:8:584:Infinity":163,"s:578:27:578:Infinity":164,"s:579:12:583:Infinity":165,"b:580:23:580:39:580:39:580:Infinity":55,"b:581:22:581:37:581:37:581:Infinity":56,"b:582:26:582:45:582:45:582:Infinity":57,"s:586:8:586:Infinity":166,"s:590:4:590:Infinity":167,"f:602:22:602:Infinity":14,"b:604:26:604:Infinity":58,"s:606:32:609:Infinity":168,"s:619:4:633:Infinity":169,"s:620:23:624:Infinity":170,"s:626:26:626:Infinity":171,"b:627:8:630:Infinity:undefined:undefined:undefined:undefined":59,"s:627:8:630:Infinity":172,"s:628:27:628:Infinity":173,"s:629:12:629:Infinity":174,"s:632:8:632:Infinity":175,"s:636:4:636:Infinity":176,"f:643:22:643:35":15,"b:644:4:644:Infinity:undefined:undefined:undefined:undefined":60,"s:644:4:644:Infinity":177,"b:644:8:644:17:644:17:644:31":61,"s:644:31:644:Infinity":178,"s:646:4:663:Infinity":179,"s:647:25:651:Infinity":180,"b:653:8:656:Infinity:undefined:undefined:undefined:undefined":62,"s:653:8:656:Infinity":181,"s:654:12:654:Infinity":182,"s:655:12:655:Infinity":183,"s:658:21:658:Infinity":184,"s:659:8:659:Infinity":185,"b:659:15:659:33:659:33:659:Infinity":63,"s:661:8:661:Infinity":186,"s:662:8:662:Infinity":187}}}
,"/Users/brixelectronics/Documents/mac/criticalinsight_repos/trello-local-sync/src/memoryStore.ts": {"path":"/Users/brixelectronics/Documents/mac/criticalinsight_repos/trello-local-sync/src/memoryStore.ts","statementMap":{"0":{"start":{"line":33,"column":41},"end":{"line":37,"column":null}},"1":{"start":{"line":39,"column":28},"end":{"line":39,"column":null}},"2":{"start":{"line":40,"column":29},"end":{"line":40,"column":null}},"3":{"start":{"line":45,"column":4},"end":{"line":45,"column":null}},"4":{"start":{"line":47,"column":4},"end":{"line":53,"column":null}},"5":{"start":{"line":48,"column":8},"end":{"line":48,"column":null}},"6":{"start":{"line":51,"column":8},"end":{"line":51,"column":null}},"7":{"start":{"line":52,"column":8},"end":{"line":52,"column":null}},"8":{"start":{"line":56,"column":4},"end":{"line":68,"column":null}},"9":{"start":{"line":71,"column":4},"end":{"line":79,"column":null}},"10":{"start":{"line":82,"column":4},"end":{"line":93,"column":null}},"11":{"start":{"line":96,"column":4},"end":{"line":110,"column":null}},"12":{"start":{"line":97,"column":27},"end":{"line":97,"column":null}},"13":{"start":{"line":98,"column":8},"end":{"line":107,"column":null}},"14":{"start":{"line":99,"column":12},"end":{"line":99,"column":null}},"15":{"start":{"line":100,"column":12},"end":{"line":105,"column":null}},"16":{"start":{"line":106,"column":12},"end":{"line":106,"column":null}},"17":{"start":{"line":112,"column":4},"end":{"line":112,"column":null}},"18":{"start":{"line":114,"column":4},"end":{"line":114,"column":null}},"19":{"start":{"line":118,"column":4},"end":{"line":118,"column":null}},"20":{"start":{"line":118,"column":17},"end":{"line":118,"column":null}},"21":{"start":{"line":121,"column":24},"end":{"line":125,"column":null}},"22":{"start":{"line":128,"column":24},"end":{"line":132,"column":null}},"23":{"start":{"line":134,"column":4},"end":{"line":158,"column":null}},"24":{"start":{"line":136,"column":12},"end":{"line":136,"column":null}},"25":{"start":{"line":137,"column":12},"end":{"line":147,"column":null}},"26":{"start":{"line":138,"column":16},"end":{"line":146,"column":null}},"27":{"start":{"line":149,"column":12},"end":{"line":156,"column":null}},"28":{"start":{"line":149,"column":53},"end":{"line":156,"column":14}},"29":{"start":{"line":164,"column":15},"end":{"line":164,"column":null}},"30":{"start":{"line":165,"column":16},"end":{"line":165,"column":null}},"31":{"start":{"line":167,"column":23},"end":{"line":175,"column":null}},"32":{"start":{"line":178,"column":4},"end":{"line":182,"column":null}},"33":{"start":{"line":180,"column":12},"end":{"line":180,"column":null}},"34":{"start":{"line":184,"column":4},"end":{"line":194,"column":null}},"35":{"start":{"line":185,"column":8},"end":{"line":193,"column":null}},"36":{"start":{"line":196,"column":4},"end":{"line":196,"column":null}},"37":{"start":{"line":200,"column":25},"end":{"line":200,"column":null}},"38":{"start":{"line":203,"column":4},"end":{"line":209,"column":null}},"39":{"start":{"line":205,"column":12},"end":{"line":207,"column":null}},"40":{"start":{"line":206,"column":16},"end":{"line":206,"column":null}},"41":{"start":{"line":211,"column":4},"end":{"line":219,"column":null}},"42":{"start":{"line":212,"column":21},"end":{"line":212,"column":null}},"43":{"start":{"line":213,"column":8},"end":{"line":218,"column":null}},"44":{"start":{"line":214,"column":12},"end":{"line":217,"column":null}},"45":{"start":{"line":223,"column":28},"end":{"line":223,"column":null}},"46":{"start":{"line":226,"column":4},"end":{"line":231,"column":null}},"47":{"start":{"line":228,"column":12},"end":{"line":228,"column":null}},"48":{"start":{"line":229,"column":12},"end":{"line":229,"column":null}},"49":{"start":{"line":229,"column":44},"end":{"line":229,"column":82}},"50":{"start":{"line":233,"column":4},"end":{"line":235,"column":null}},"51":{"start":{"line":234,"column":8},"end":{"line":234,"column":null}},"52":{"start":{"line":239,"column":28},"end":{"line":239,"column":null}},"53":{"start":{"line":247,"column":15},"end":{"line":247,"column":null}},"54":{"start":{"line":248,"column":16},"end":{"line":248,"column":null}},"55":{"start":{"line":250,"column":23},"end":{"line":257,"column":null}},"56":{"start":{"line":259,"column":4},"end":{"line":263,"column":null}},"57":{"start":{"line":261,"column":12},"end":{"line":261,"column":null}},"58":{"start":{"line":265,"column":4},"end":{"line":273,"column":null}},"59":{"start":{"line":266,"column":8},"end":{"line":272,"column":null}},"60":{"start":{"line":275,"column":4},"end":{"line":275,"column":null}},"61":{"start":{"line":279,"column":4},"end":{"line":281,"column":null}},"62":{"start":{"line":280,"column":8},"end":{"line":280,"column":null}},"63":{"start":{"line":287,"column":17},"end":{"line":287,"column":null}},"64":{"start":{"line":288,"column":4},"end":{"line":295,"column":null}},"65":{"start":{"line":291,"column":16},"end":{"line":293,"column":null}},"66":{"start":{"line":293,"column":35},"end":{"line":293,"column":65}},"67":{"start":{"line":295,"column":24},"end":{"line":295,"column":49}},"68":{"start":{"line":299,"column":30},"end":{"line":299,"column":null}},"69":{"start":{"line":310,"column":30},"end":{"line":310,"column":null}},"70":{"start":{"line":312,"column":4},"end":{"line":376,"column":null}},"71":{"start":{"line":313,"column":25},"end":{"line":317,"column":null}},"72":{"start":{"line":317,"column":27},"end":{"line":317,"column":39}},"73":{"start":{"line":319,"column":8},"end":{"line":375,"column":null}},"74":{"start":{"line":321,"column":28},"end":{"line":346,"column":null}},"75":{"start":{"line":323,"column":36},"end":{"line":323,"column":null}},"76":{"start":{"line":324,"column":41},"end":{"line":324,"column":null}},"77":{"start":{"line":326,"column":24},"end":{"line":326,"column":null}},"78":{"start":{"line":328,"column":20},"end":{"line":339,"column":null}},"79":{"start":{"line":329,"column":38},"end":{"line":329,"column":null}},"80":{"start":{"line":330,"column":24},"end":{"line":333,"column":null}},"81":{"start":{"line":331,"column":28},"end":{"line":331,"column":null}},"82":{"start":{"line":332,"column":28},"end":{"line":332,"column":null}},"83":{"start":{"line":334,"column":24},"end":{"line":337,"column":null}},"84":{"start":{"line":335,"column":28},"end":{"line":335,"column":null}},"85":{"start":{"line":336,"column":28},"end":{"line":336,"column":null}},"86":{"start":{"line":338,"column":24},"end":{"line":338,"column":null}},"87":{"start":{"line":338,"column":37},"end":{"line":338,"column":null}},"88":{"start":{"line":342,"column":39},"end":{"line":342,"column":null}},"89":{"start":{"line":343,"column":20},"end":{"line":343,"column":null}},"90":{"start":{"line":345,"column":31},"end":{"line":345,"column":42}},"91":{"start":{"line":346,"column":32},"end":{"line":346,"column":49}},"92":{"start":{"line":348,"column":12},"end":{"line":374,"column":null}},"93":{"start":{"line":350,"column":33},"end":{"line":350,"column":null}},"94":{"start":{"line":351,"column":34},"end":{"line":351,"column":null}},"95":{"start":{"line":353,"column":46},"end":{"line":353,"column":null}},"96":{"start":{"line":353,"column":68},"end":{"line":353,"column":88}},"97":{"start":{"line":356,"column":33},"end":{"line":356,"column":null}},"98":{"start":{"line":357,"column":16},"end":{"line":366,"column":null}},"99":{"start":{"line":358,"column":20},"end":{"line":358,"column":null}},"100":{"start":{"line":361,"column":39},"end":{"line":363,"column":null}},"101":{"start":{"line":362,"column":39},"end":{"line":362,"column":99}},"102":{"start":{"line":363,"column":37},"end":{"line":363,"column":92}},"103":{"start":{"line":365,"column":20},"end":{"line":365,"column":null}},"104":{"start":{"line":365,"column":49},"end":{"line":365,"column":null}},"105":{"start":{"line":369,"column":16},"end":{"line":373,"column":null}},"106":{"start":{"line":370,"column":33},"end":{"line":370,"column":54}},"107":{"start":{"line":372,"column":36},"end":{"line":372,"column":61}},"108":{"start":{"line":379,"column":4},"end":{"line":383,"column":null}},"109":{"start":{"line":380,"column":8},"end":{"line":382,"column":null}},"110":{"start":{"line":381,"column":28},"end":{"line":381,"column":53}},"111":{"start":{"line":385,"column":4},"end":{"line":385,"column":null}},"112":{"start":{"line":385,"column":34},"end":{"line":385,"column":null}},"113":{"start":{"line":388,"column":4},"end":{"line":405,"column":null}},"114":{"start":{"line":390,"column":32},"end":{"line":390,"column":null}},"115":{"start":{"line":393,"column":28},"end":{"line":401,"column":null}},"116":{"start":{"line":394,"column":31},"end":{"line":394,"column":79}},"117":{"start":{"line":396,"column":36},"end":{"line":396,"column":null}},"118":{"start":{"line":397,"column":38},"end":{"line":397,"column":null}},"119":{"start":{"line":398,"column":20},"end":{"line":398,"column":null}},"120":{"start":{"line":403,"column":12},"end":{"line":403,"column":null}},"121":{"start":{"line":410,"column":4},"end":{"line":410,"column":null}},"122":{"start":{"line":410,"column":17},"end":{"line":410,"column":null}},"123":{"start":{"line":411,"column":16},"end":{"line":411,"column":null}},"124":{"start":{"line":412,"column":4},"end":{"line":418,"column":null}},"125":{"start":{"line":412,"column":32},"end":{"line":418,"column":6}},"126":{"start":{"line":422,"column":4},"end":{"line":422,"column":null}},"127":{"start":{"line":422,"column":17},"end":{"line":422,"column":null}},"128":{"start":{"line":423,"column":4},"end":{"line":432,"column":null}},"129":{"start":{"line":436,"column":4},"end":{"line":436,"column":null}},"130":{"start":{"line":436,"column":17},"end":{"line":436,"column":null}},"131":{"start":{"line":437,"column":4},"end":{"line":437,"column":null}}},"fnMap":{"0":{"name":"initMemoryStore","decl":{"start":{"line":44,"column":22},"end":{"line":44,"column":38}},"loc":{"start":{"line":44,"column":80},"end":{"line":115,"column":null}},"line":44},"1":{"name":"loadMemories","decl":{"start":{"line":117,"column":15},"end":{"line":117,"column":30}},"loc":{"start":{"line":117,"column":30},"end":{"line":159,"column":null}},"line":117},"2":{"name":"(anonymous_2)","decl":{"start":{"line":135,"column":16},"end":{"line":135,"column":17}},"loc":{"start":{"line":135,"column":23},"end":{"line":157,"column":9}},"line":135},"3":{"name":"(anonymous_3)","decl":{"start":{"line":149,"column":43},"end":{"line":149,"column":44}},"loc":{"start":{"line":149,"column":53},"end":{"line":156,"column":14}},"line":149},"4":{"name":"addNode","decl":{"start":{"line":163,"column":22},"end":{"line":163,"column":30}},"loc":{"start":{"line":163,"column":96},"end":{"line":197,"column":null}},"line":163},"5":{"name":"(anonymous_5)","decl":{"start":{"line":179,"column":16},"end":{"line":179,"column":17}},"loc":{"start":{"line":179,"column":23},"end":{"line":181,"column":9}},"line":179},"6":{"name":"updateNode","decl":{"start":{"line":202,"column":22},"end":{"line":202,"column":33}},"loc":{"start":{"line":202,"column":69},"end":{"line":220,"column":null}},"line":202},"7":{"name":"(anonymous_7)","decl":{"start":{"line":204,"column":16},"end":{"line":204,"column":17}},"loc":{"start":{"line":204,"column":23},"end":{"line":208,"column":9}},"line":204},"8":{"name":"deleteNode","decl":{"start":{"line":225,"column":22},"end":{"line":225,"column":33}},"loc":{"start":{"line":225,"column":45},"end":{"line":236,"column":null}},"line":225},"9":{"name":"(anonymous_9)","decl":{"start":{"line":227,"column":16},"end":{"line":227,"column":17}},"loc":{"start":{"line":227,"column":23},"end":{"line":230,"column":9}},"line":227},"10":{"name":"(anonymous_10)","decl":{"start":{"line":229,"column":37},"end":{"line":229,"column":38}},"loc":{"start":{"line":229,"column":44},"end":{"line":229,"column":82}},"line":229},"11":{"name":"addEdge","decl":{"start":{"line":241,"column":22},"end":{"line":241,"column":null}},"loc":{"start":{"line":246,"column":19},"end":{"line":276,"column":null}},"line":246},"12":{"name":"(anonymous_12)","decl":{"start":{"line":260,"column":16},"end":{"line":260,"column":17}},"loc":{"start":{"line":260,"column":23},"end":{"line":262,"column":9}},"line":260},"13":{"name":"incrementUsage","decl":{"start":{"line":278,"column":22},"end":{"line":278,"column":37}},"loc":{"start":{"line":278,"column":49},"end":{"line":282,"column":null}},"line":278},"14":{"name":"searchNodes","decl":{"start":{"line":286,"column":16},"end":{"line":286,"column":28}},"loc":{"start":{"line":286,"column":51},"end":{"line":296,"column":null}},"line":286},"15":{"name":"(anonymous_15)","decl":{"start":{"line":290,"column":12},"end":{"line":290,"column":13}},"loc":{"start":{"line":291,"column":16},"end":{"line":293,"column":null}},"line":291},"16":{"name":"(anonymous_16)","decl":{"start":{"line":293,"column":28},"end":{"line":293,"column":29}},"loc":{"start":{"line":293,"column":35},"end":{"line":293,"column":65}},"line":293},"17":{"name":"(anonymous_17)","decl":{"start":{"line":295,"column":14},"end":{"line":295,"column":15}},"loc":{"start":{"line":295,"column":24},"end":{"line":295,"column":49}},"line":295},"18":{"name":"getMemoriesForContext","decl":{"start":{"line":309,"column":16},"end":{"line":309,"column":38}},"loc":{"start":{"line":309,"column":74},"end":{"line":406,"column":null}},"line":309},"19":{"name":"(anonymous_19)","decl":{"start":{"line":317,"column":20},"end":{"line":317,"column":21}},"loc":{"start":{"line":317,"column":27},"end":{"line":317,"column":39}},"line":317},"20":{"name":"(anonymous_20)","decl":{"start":{"line":322,"column":21},"end":{"line":322,"column":22}},"loc":{"start":{"line":322,"column":31},"end":{"line":344,"column":17}},"line":322},"21":{"name":"(anonymous_21)","decl":{"start":{"line":345,"column":24},"end":{"line":345,"column":25}},"loc":{"start":{"line":345,"column":31},"end":{"line":345,"column":42}},"line":345},"22":{"name":"(anonymous_22)","decl":{"start":{"line":346,"column":22},"end":{"line":346,"column":23}},"loc":{"start":{"line":346,"column":32},"end":{"line":346,"column":49}},"line":346},"23":{"name":"(anonymous_23)","decl":{"start":{"line":353,"column":61},"end":{"line":353,"column":62}},"loc":{"start":{"line":353,"column":68},"end":{"line":353,"column":88}},"line":353},"24":{"name":"(anonymous_24)","decl":{"start":{"line":362,"column":32},"end":{"line":362,"column":33}},"loc":{"start":{"line":362,"column":39},"end":{"line":362,"column":99}},"line":362},"25":{"name":"(anonymous_25)","decl":{"start":{"line":363,"column":29},"end":{"line":363,"column":30}},"loc":{"start":{"line":363,"column":37},"end":{"line":363,"column":92}},"line":363},"26":{"name":"(anonymous_26)","decl":{"start":{"line":370,"column":25},"end":{"line":370,"column":26}},"loc":{"start":{"line":370,"column":33},"end":{"line":370,"column":54}},"line":370},"27":{"name":"(anonymous_27)","decl":{"start":{"line":372,"column":26},"end":{"line":372,"column":27}},"loc":{"start":{"line":372,"column":36},"end":{"line":372,"column":61}},"line":372},"28":{"name":"(anonymous_28)","decl":{"start":{"line":381,"column":18},"end":{"line":381,"column":19}},"loc":{"start":{"line":381,"column":28},"end":{"line":381,"column":53}},"line":381},"29":{"name":"(anonymous_29)","decl":{"start":{"line":389,"column":13},"end":{"line":389,"column":14}},"loc":{"start":{"line":389,"column":23},"end":{"line":404,"column":9}},"line":389},"30":{"name":"(anonymous_30)","decl":{"start":{"line":394,"column":24},"end":{"line":394,"column":25}},"loc":{"start":{"line":394,"column":31},"end":{"line":394,"column":79}},"line":394},"31":{"name":"(anonymous_31)","decl":{"start":{"line":395,"column":21},"end":{"line":395,"column":22}},"loc":{"start":{"line":395,"column":28},"end":{"line":399,"column":17}},"line":395},"32":{"name":"getPersonae","decl":{"start":{"line":409,"column":22},"end":{"line":409,"column":74}},"loc":{"start":{"line":409,"column":74},"end":{"line":419,"column":null}},"line":409},"33":{"name":"(anonymous_33)","decl":{"start":{"line":412,"column":24},"end":{"line":412,"column":32}},"loc":{"start":{"line":412,"column":32},"end":{"line":418,"column":6}},"line":412},"34":{"name":"savePersona","decl":{"start":{"line":421,"column":22},"end":{"line":421,"column":34}},"loc":{"start":{"line":421,"column":70},"end":{"line":433,"column":null}},"line":421},"35":{"name":"deletePersona","decl":{"start":{"line":435,"column":22},"end":{"line":435,"column":36}},"loc":{"start":{"line":435,"column":48},"end":{"line":438,"column":null}},"line":435}},"branchMap":{"0":{"loc":{"start":{"line":47,"column":4},"end":{"line":53,"column":null}},"type":"if","locations":[{"start":{"line":47,"column":4},"end":{"line":53,"column":null}},{"start":{"line":49,"column":11},"end":{"line":53,"column":null}}],"line":47},"1":{"loc":{"start":{"line":98,"column":8},"end":{"line":107,"column":null}},"type":"if","locations":[{"start":{"line":98,"column":8},"end":{"line":107,"column":null}},{"start":{},"end":{}}],"line":98},"2":{"loc":{"start":{"line":118,"column":4},"end":{"line":118,"column":null}},"type":"if","locations":[{"start":{"line":118,"column":4},"end":{"line":118,"column":null}},{"start":{},"end":{}}],"line":118},"3":{"loc":{"start":{"line":163,"column":58},"end":{"line":163,"column":96}},"type":"default-arg","locations":[{"start":{"line":163,"column":75},"end":{"line":163,"column":96}}],"line":163},"4":{"loc":{"start":{"line":184,"column":4},"end":{"line":194,"column":null}},"type":"if","locations":[{"start":{"line":184,"column":4},"end":{"line":194,"column":null}},{"start":{},"end":{}}],"line":184},"5":{"loc":{"start":{"line":205,"column":12},"end":{"line":207,"column":null}},"type":"if","locations":[{"start":{"line":205,"column":12},"end":{"line":207,"column":null}},{"start":{},"end":{}}],"line":205},"6":{"loc":{"start":{"line":211,"column":4},"end":{"line":219,"column":null}},"type":"if","locations":[{"start":{"line":211,"column":4},"end":{"line":219,"column":null}},{"start":{},"end":{}}],"line":211},"7":{"loc":{"start":{"line":213,"column":8},"end":{"line":218,"column":null}},"type":"if","locations":[{"start":{"line":213,"column":8},"end":{"line":218,"column":null}},{"start":{},"end":{}}],"line":213},"8":{"loc":{"start":{"line":229,"column":44},"end":{"line":229,"column":82}},"type":"binary-expr","locations":[{"start":{"line":229,"column":44},"end":{"line":229,"column":65}},{"start":{"line":229,"column":65},"end":{"line":229,"column":82}}],"line":229},"9":{"loc":{"start":{"line":233,"column":4},"end":{"line":235,"column":null}},"type":"if","locations":[{"start":{"line":233,"column":4},"end":{"line":235,"column":null}},{"start":{},"end":{}}],"line":233},"10":{"loc":{"start":{"line":245,"column":4},"end":{"line":245,"column":null}},"type":"default-arg","locations":[{"start":{"line":245,"column":13},"end":{"line":245,"column":null}}],"line":245},"11":{"loc":{"start":{"line":265,"column":4},"end":{"line":273,"column":null}},"type":"if","locations":[{"start":{"line":265,"column":4},"end":{"line":273,"column":null}},{"start":{},"end":{}}],"line":265},"12":{"loc":{"start":{"line":279,"column":4},"end":{"line":281,"column":null}},"type":"if","locations":[{"start":{"line":279,"column":4},"end":{"line":281,"column":null}},{"start":{},"end":{}}],"line":279},"13":{"loc":{"start":{"line":291,"column":16},"end":{"line":293,"column":null}},"type":"binary-expr","locations":[{"start":{"line":291,"column":16},"end":{"line":291,"column":null}},{"start":{"line":292,"column":16},"end":{"line":292,"column":null}},{"start":{"line":293,"column":16},"end":{"line":293,"column":null}}],"line":291},"14":{"loc":{"start":{"line":309,"column":38},"end":{"line":309,"column":50}},"type":"default-arg","locations":[{"start":{"line":309,"column":46},"end":{"line":309,"column":50}}],"line":309},"15":{"loc":{"start":{"line":312,"column":4},"end":{"line":376,"column":null}},"type":"if","locations":[{"start":{"line":312,"column":4},"end":{"line":376,"column":null}},{"start":{},"end":{}}],"line":312},"16":{"loc":{"start":{"line":312,"column":8},"end":{"line":312,"column":31}},"type":"binary-expr","locations":[{"start":{"line":312,"column":8},"end":{"line":312,"column":17}},{"start":{"line":312,"column":17},"end":{"line":312,"column":31}}],"line":312},"17":{"loc":{"start":{"line":319,"column":8},"end":{"line":375,"column":null}},"type":"if","locations":[{"start":{"line":319,"column":8},"end":{"line":375,"column":null}},{"start":{},"end":{}}],"line":319},"18":{"loc":{"start":{"line":330,"column":24},"end":{"line":333,"column":null}},"type":"if","locations":[{"start":{"line":330,"column":24},"end":{"line":333,"column":null}},{"start":{},"end":{}}],"line":330},"19":{"loc":{"start":{"line":334,"column":24},"end":{"line":337,"column":null}},"type":"if","locations":[{"start":{"line":334,"column":24},"end":{"line":337,"column":null}},{"start":{},"end":{}}],"line":334},"20":{"loc":{"start":{"line":338,"column":24},"end":{"line":338,"column":null}},"type":"if","locations":[{"start":{"line":338,"column":24},"end":{"line":338,"column":null}},{"start":{},"end":{}}],"line":338},"21":{"loc":{"start":{"line":348,"column":12},"end":{"line":374,"column":null}},"type":"if","locations":[{"start":{"line":348,"column":12},"end":{"line":374,"column":null}},{"start":{},"end":{}}],"line":348},"22":{"loc":{"start":{"line":362,"column":39},"end":{"line":362,"column":99}},"type":"binary-expr","locations":[{"start":{"line":362,"column":39},"end":{"line":362,"column":71}},{"start":{"line":362,"column":71},"end":{"line":362,"column":99}}],"line":362},"23":{"loc":{"start":{"line":363,"column":37},"end":{"line":363,"column":92}},"type":"cond-expr","locations":[{"start":{"line":363,"column":68},"end":{"line":363,"column":81}},{"start":{"line":363,"column":81},"end":{"line":363,"column":92}}],"line":363},"24":{"loc":{"start":{"line":379,"column":4},"end":{"line":383,"column":null}},"type":"if","locations":[{"start":{"line":379,"column":4},"end":{"line":383,"column":null}},{"start":{},"end":{}}],"line":379},"25":{"loc":{"start":{"line":385,"column":4},"end":{"line":385,"column":null}},"type":"if","locations":[{"start":{"line":385,"column":4},"end":{"line":385,"column":null}},{"start":{},"end":{}}],"line":385},"26":{"loc":{"start":{"line":394,"column":31},"end":{"line":394,"column":79}},"type":"binary-expr","locations":[{"start":{"line":394,"column":31},"end":{"line":394,"column":57}},{"start":{"line":394,"column":57},"end":{"line":394,"column":79}}],"line":394},"27":{"loc":{"start":{"line":396,"column":36},"end":{"line":396,"column":null}},"type":"cond-expr","locations":[{"start":{"line":396,"column":61},"end":{"line":396,"column":74}},{"start":{"line":396,"column":74},"end":{"line":396,"column":null}}],"line":396},"28":{"loc":{"start":{"line":398,"column":27},"end":{"line":398,"column":null}},"type":"cond-expr","locations":[{"start":{"line":398,"column":39},"end":{"line":398,"column":74}},{"start":{"line":398,"column":74},"end":{"line":398,"column":null}}],"line":398},"29":{"loc":{"start":{"line":403,"column":19},"end":{"line":403,"column":null}},"type":"cond-expr","locations":[{"start":{"line":403,"column":29},"end":{"line":403,"column":70}},{"start":{"line":403,"column":70},"end":{"line":403,"column":null}}],"line":403},"30":{"loc":{"start":{"line":410,"column":4},"end":{"line":410,"column":null}},"type":"if","locations":[{"start":{"line":410,"column":4},"end":{"line":410,"column":null}},{"start":{},"end":{}}],"line":410},"31":{"loc":{"start":{"line":422,"column":4},"end":{"line":422,"column":null}},"type":"if","locations":[{"start":{"line":422,"column":4},"end":{"line":422,"column":null}},{"start":{},"end":{}}],"line":422},"32":{"loc":{"start":{"line":436,"column":4},"end":{"line":436,"column":null}},"type":"if","locations":[{"start":{"line":436,"column":4},"end":{"line":436,"column":null}},{"start":{},"end":{}}],"line":436}},"s":{"0":3,"1":3,"2":3,"3":15,"4":15,"5":14,"6":1,"7":1,"8":15,"9":15,"10":15,"11":15,"12":15,"13":15,"14":15,"15":15,"16":15,"17":15,"18":15,"19":15,"20":0,"21":15,"22":15,"23":15,"24":15,"25":15,"26":5,"27":15,"28":5,"29":18,"30":18,"31":18,"32":18,"33":18,"34":18,"35":18,"36":18,"37":3,"38":1,"39":1,"40":1,"41":1,"42":1,"43":1,"44":1,"45":3,"46":2,"47":2,"48":2,"49":2,"50":2,"51":2,"52":3,"53":5,"54":5,"55":5,"56":5,"57":5,"58":5,"59":5,"60":5,"61":1,"62":1,"63":3,"64":3,"65":7,"66":3,"67":0,"68":3,"69":5,"70":5,"71":3,"72":9,"73":3,"74":3,"75":7,"76":7,"77":7,"78":7,"79":18,"80":18,"81":5,"82":5,"83":18,"84":5,"85":5,"86":18,"87":5,"88":7,"89":7,"90":7,"91":2,"92":3,"93":2,"94":2,"95":2,"96":4,"97":2,"98":2,"99":2,"100":2,"101":2,"102":1,"103":2,"104":1,"105":2,"106":3,"107":1,"108":5,"109":3,"110":1,"111":5,"112":0,"113":5,"114":7,"115":7,"116":5,"117":4,"118":4,"119":4,"120":7,"121":1,"122":0,"123":1,"124":1,"125":1,"126":1,"127":0,"128":1,"129":1,"130":0,"131":1},"f":{"0":15,"1":15,"2":15,"3":5,"4":18,"5":18,"6":1,"7":1,"8":2,"9":2,"10":2,"11":5,"12":5,"13":1,"14":3,"15":7,"16":3,"17":0,"18":5,"19":9,"20":7,"21":7,"22":2,"23":4,"24":2,"25":1,"26":3,"27":1,"28":1,"29":7,"30":5,"31":4,"32":1,"33":1,"34":1,"35":1},"b":{"0":[14,1],"1":[15,0],"2":[0,15],"3":[18],"4":[18,0],"5":[1,0],"6":[1,0],"7":[1,0],"8":[2,0],"9":[2,0],"10":[5],"11":[5,0],"12":[1,0],"13":[7,5,5],"14":[5],"15":[3,2],"16":[5,3],"17":[3,0],"18":[5,13],"19":[5,13],"20":[5,13],"21":[2,1],"22":[2,1],"23":[1,0],"24":[3,2],"25":[0,5],"26":[5,3],"27":[2,2],"28":[4,0],"29":[4,3],"30":[0,1],"31":[0,1],"32":[0,1]},"meta":{"lastBranch":33,"lastFunction":36,"lastStatement":132,"seen":{"s:33:41:37:Infinity":0,"s:39:28:39:Infinity":1,"s:40:29:40:Infinity":2,"f:44:22:44:38":0,"s:45:4:45:Infinity":3,"b:47:4:53:Infinity:49:11:53:Infinity":0,"s:47:4:53:Infinity":4,"s:48:8:48:Infinity":5,"s:51:8:51:Infinity":6,"s:52:8:52:Infinity":7,"s:56:4:68:Infinity":8,"s:71:4:79:Infinity":9,"s:82:4:93:Infinity":10,"s:96:4:110:Infinity":11,"s:97:27:97:Infinity":12,"b:98:8:107:Infinity:undefined:undefined:undefined:undefined":1,"s:98:8:107:Infinity":13,"s:99:12:99:Infinity":14,"s:100:12:105:Infinity":15,"s:106:12:106:Infinity":16,"s:112:4:112:Infinity":17,"s:114:4:114:Infinity":18,"f:117:15:117:30":1,"b:118:4:118:Infinity:undefined:undefined:undefined:undefined":2,"s:118:4:118:Infinity":19,"s:118:17:118:Infinity":20,"s:121:24:125:Infinity":21,"s:128:24:132:Infinity":22,"s:134:4:158:Infinity":23,"f:135:16:135:17":2,"s:136:12:136:Infinity":24,"s:137:12:147:Infinity":25,"s:138:16:146:Infinity":26,"s:149:12:156:Infinity":27,"f:149:43:149:44":3,"s:149:53:156:14":28,"f:163:22:163:30":4,"b:163:75:163:96":3,"s:164:15:164:Infinity":29,"s:165:16:165:Infinity":30,"s:167:23:175:Infinity":31,"s:178:4:182:Infinity":32,"f:179:16:179:17":5,"s:180:12:180:Infinity":33,"b:184:4:194:Infinity:undefined:undefined:undefined:undefined":4,"s:184:4:194:Infinity":34,"s:185:8:193:Infinity":35,"s:196:4:196:Infinity":36,"s:200:25:200:Infinity":37,"f:202:22:202:33":6,"s:203:4:209:Infinity":38,"f:204:16:204:17":7,"b:205:12:207:Infinity:undefined:undefined:undefined:undefined":5,"s:205:12:207:Infinity":39,"s:206:16:206:Infinity":40,"b:211:4:219:Infinity:undefined:undefined:undefined:undefined":6,"s:211:4:219:Infinity":41,"s:212:21:212:Infinity":42,"b:213:8:218:Infinity:undefined:undefined:undefined:undefined":7,"s:213:8:218:Infinity":43,"s:214:12:217:Infinity":44,"s:223:28:223:Infinity":45,"f:225:22:225:33":8,"s:226:4:231:Infinity":46,"f:227:16:227:17":9,"s:228:12:228:Infinity":47,"s:229:12:229:Infinity":48,"f:229:37:229:38":10,"s:229:44:229:82":49,"b:229:44:229:65:229:65:229:82":8,"b:233:4:235:Infinity:undefined:undefined:undefined:undefined":9,"s:233:4:235:Infinity":50,"s:234:8:234:Infinity":51,"s:239:28:239:Infinity":52,"f:241:22:241:Infinity":11,"b:245:13:245:Infinity":10,"s:247:15:247:Infinity":53,"s:248:16:248:Infinity":54,"s:250:23:257:Infinity":55,"s:259:4:263:Infinity":56,"f:260:16:260:17":12,"s:261:12:261:Infinity":57,"b:265:4:273:Infinity:undefined:undefined:undefined:undefined":11,"s:265:4:273:Infinity":58,"s:266:8:272:Infinity":59,"s:275:4:275:Infinity":60,"f:278:22:278:37":13,"b:279:4:281:Infinity:undefined:undefined:undefined:undefined":12,"s:279:4:281:Infinity":61,"s:280:8:280:Infinity":62,"f:286:16:286:28":14,"s:287:17:287:Infinity":63,"s:288:4:295:Infinity":64,"f:290:12:290:13":15,"s:291:16:293:Infinity":65,"b:291:16:291:Infinity:292:16:292:Infinity:293:16:293:Infinity":13,"f:293:28:293:29":16,"s:293:35:293:65":66,"f:295:14:295:15":17,"s:295:24:295:49":67,"s:299:30:299:Infinity":68,"f:309:16:309:38":18,"b:309:46:309:50":14,"s:310:30:310:Infinity":69,"b:312:4:376:Infinity:undefined:undefined:undefined:undefined":15,"s:312:4:376:Infinity":70,"b:312:8:312:17:312:17:312:31":16,"s:313:25:317:Infinity":71,"f:317:20:317:21":19,"s:317:27:317:39":72,"b:319:8:375:Infinity:undefined:undefined:undefined:undefined":17,"s:319:8:375:Infinity":73,"s:321:28:346:Infinity":74,"f:322:21:322:22":20,"s:323:36:323:Infinity":75,"s:324:41:324:Infinity":76,"s:326:24:326:Infinity":77,"s:328:20:339:Infinity":78,"s:329:38:329:Infinity":79,"b:330:24:333:Infinity:undefined:undefined:undefined:undefined":18,"s:330:24:333:Infinity":80,"s:331:28:331:Infinity":81,"s:332:28:332:Infinity":82,"b:334:24:337:Infinity:undefined:undefined:undefined:undefined":19,"s:334:24:337:Infinity":83,"s:335:28:335:Infinity":84,"s:336:28:336:Infinity":85,"b:338:24:338:Infinity:undefined:undefined:undefined:undefined":20,"s:338:24:338:Infinity":86,"s:338:37:338:Infinity":87,"s:342:39:342:Infinity":88,"s:343:20:343:Infinity":89,"f:345:24:345:25":21,"s:345:31:345:42":90,"f:346:22:346:23":22,"s:346:32:346:49":91,"b:348:12:374:Infinity:undefined:undefined:undefined:undefined":21,"s:348:12:374:Infinity":92,"s:350:33:350:Infinity":93,"s:351:34:351:Infinity":94,"s:353:46:353:Infinity":95,"f:353:61:353:62":23,"s:353:68:353:88":96,"s:356:33:356:Infinity":97,"s:357:16:366:Infinity":98,"s:358:20:358:Infinity":99,"s:361:39:363:Infinity":100,"f:362:32:362:33":24,"s:362:39:362:99":101,"b:362:39:362:71:362:71:362:99":22,"f:363:29:363:30":25,"s:363:37:363:92":102,"b:363:68:363:81:363:81:363:92":23,"s:365:20:365:Infinity":103,"s:365:49:365:Infinity":104,"s:369:16:373:Infinity":105,"f:370:25:370:26":26,"s:370:33:370:54":106,"f:372:26:372:27":27,"s:372:36:372:61":107,"b:379:4:383:Infinity:undefined:undefined:undefined:undefined":24,"s:379:4:383:Infinity":108,"s:380:8:382:Infinity":109,"f:381:18:381:19":28,"s:381:28:381:53":110,"b:385:4:385:Infinity:undefined:undefined:undefined:undefined":25,"s:385:4:385:Infinity":111,"s:385:34:385:Infinity":112,"s:388:4:405:Infinity":113,"f:389:13:389:14":29,"s:390:32:390:Infinity":114,"s:393:28:401:Infinity":115,"f:394:24:394:25":30,"s:394:31:394:79":116,"b:394:31:394:57:394:57:394:79":26,"f:395:21:395:22":31,"s:396:36:396:Infinity":117,"b:396:61:396:74:396:74:396:Infinity":27,"s:397:38:397:Infinity":118,"s:398:20:398:Infinity":119,"b:398:39:398:74:398:74:398:Infinity":28,"s:403:12:403:Infinity":120,"b:403:29:403:70:403:70:403:Infinity":29,"f:409:22:409:74":32,"b:410:4:410:Infinity:undefined:undefined:undefined:undefined":30,"s:410:4:410:Infinity":121,"s:410:17:410:Infinity":122,"s:411:16:411:Infinity":123,"s:412:4:418:Infinity":124,"f:412:24:412:32":33,"s:412:32:418:6":125,"f:421:22:421:34":34,"b:422:4:422:Infinity:undefined:undefined:undefined:undefined":31,"s:422:4:422:Infinity":126,"s:422:17:422:Infinity":127,"s:423:4:432:Infinity":128,"f:435:22:435:36":35,"b:436:4:436:Infinity:undefined:undefined:undefined:undefined":32,"s:436:4:436:Infinity":129,"s:436:17:436:Infinity":130,"s:437:4:437:Infinity":131}}}
,"/Users/brixelectronics/Documents/mac/criticalinsight_repos/trello-local-sync/src/promptStore.ts": {"path":"/Users/brixelectronics/Documents/mac/criticalinsight_repos/trello-local-sync/src/promptStore.ts","statementMap":{"0":{"start":{"line":60,"column":41},"end":{"line":68,"column":null}},"1":{"start":{"line":71,"column":28},"end":{"line":71,"column":null}},"2":{"start":{"line":74,"column":29},"end":{"line":74,"column":null}},"3":{"start":{"line":76,"column":25},"end":{"line":76,"column":null}},"4":{"start":{"line":76,"column":31},"end":{"line":76,"column":null}},"5":{"start":{"line":77,"column":25},"end":{"line":77,"column":null}},"6":{"start":{"line":77,"column":48},"end":{"line":77,"column":null}},"7":{"start":{"line":81,"column":21},"end":{"line":81,"column":null}},"8":{"start":{"line":81,"column":27},"end":{"line":81,"column":null}},"9":{"start":{"line":83,"column":44},"end":{"line":87,"column":null}},"10":{"start":{"line":98,"column":26},"end":{"line":113,"column":null}},"11":{"start":{"line":100,"column":12},"end":{"line":112,"column":null}},"12":{"start":{"line":102,"column":16},"end":{"line":104,"column":null}},"13":{"start":{"line":103,"column":20},"end":{"line":103,"column":null}},"14":{"start":{"line":105,"column":16},"end":{"line":107,"column":null}},"15":{"start":{"line":106,"column":20},"end":{"line":106,"column":null}},"16":{"start":{"line":108,"column":16},"end":{"line":110,"column":null}},"17":{"start":{"line":109,"column":20},"end":{"line":109,"column":null}},"18":{"start":{"line":111,"column":16},"end":{"line":111,"column":null}},"19":{"start":{"line":115,"column":4},"end":{"line":124,"column":null}},"20":{"start":{"line":116,"column":8},"end":{"line":118,"column":null}},"21":{"start":{"line":119,"column":8},"end":{"line":123,"column":null}},"22":{"start":{"line":121,"column":40},"end":{"line":121,"column":null}},"23":{"start":{"line":122,"column":12},"end":{"line":122,"column":null}},"24":{"start":{"line":130,"column":4},"end":{"line":133,"column":null}},"25":{"start":{"line":131,"column":8},"end":{"line":131,"column":null}},"26":{"start":{"line":132,"column":8},"end":{"line":132,"column":null}},"27":{"start":{"line":135,"column":4},"end":{"line":135,"column":null}},"28":{"start":{"line":136,"column":4},"end":{"line":136,"column":null}},"29":{"start":{"line":139,"column":4},"end":{"line":149,"column":null}},"30":{"start":{"line":140,"column":8},"end":{"line":148,"column":null}},"31":{"start":{"line":141,"column":12},"end":{"line":141,"column":null}},"32":{"start":{"line":143,"column":24},"end":{"line":143,"column":null}},"33":{"start":{"line":144,"column":12},"end":{"line":144,"column":null}},"34":{"start":{"line":145,"column":12},"end":{"line":145,"column":null}},"35":{"start":{"line":147,"column":12},"end":{"line":147,"column":null}},"36":{"start":{"line":151,"column":4},"end":{"line":164,"column":null}},"37":{"start":{"line":152,"column":8},"end":{"line":158,"column":null}},"38":{"start":{"line":154,"column":27},"end":{"line":154,"column":null}},"39":{"start":{"line":156,"column":29},"end":{"line":156,"column":null}},"40":{"start":{"line":157,"column":12},"end":{"line":157,"column":null}},"41":{"start":{"line":159,"column":8},"end":{"line":159,"column":null}},"42":{"start":{"line":160,"column":8},"end":{"line":160,"column":null}},"43":{"start":{"line":162,"column":8},"end":{"line":162,"column":null}},"44":{"start":{"line":163,"column":8},"end":{"line":163,"column":null}},"45":{"start":{"line":167,"column":4},"end":{"line":183,"column":null}},"46":{"start":{"line":186,"column":4},"end":{"line":195,"column":null}},"47":{"start":{"line":198,"column":4},"end":{"line":202,"column":null}},"48":{"start":{"line":199,"column":8},"end":{"line":199,"column":null}},"49":{"start":{"line":203,"column":4},"end":{"line":207,"column":null}},"50":{"start":{"line":204,"column":8},"end":{"line":204,"column":null}},"51":{"start":{"line":208,"column":4},"end":{"line":212,"column":null}},"52":{"start":{"line":209,"column":8},"end":{"line":209,"column":null}},"53":{"start":{"line":214,"column":4},"end":{"line":218,"column":null}},"54":{"start":{"line":215,"column":8},"end":{"line":215,"column":null}},"55":{"start":{"line":221,"column":29},"end":{"line":221,"column":null}},"56":{"start":{"line":222,"column":4},"end":{"line":222,"column":null}},"57":{"start":{"line":225,"column":4},"end":{"line":240,"column":null}},"58":{"start":{"line":243,"column":4},"end":{"line":249,"column":null}},"59":{"start":{"line":252,"column":4},"end":{"line":261,"column":null}},"60":{"start":{"line":253,"column":8},"end":{"line":258,"column":null}},"61":{"start":{"line":260,"column":8},"end":{"line":260,"column":null}},"62":{"start":{"line":264,"column":4},"end":{"line":264,"column":null}},"63":{"start":{"line":265,"column":4},"end":{"line":268,"column":null}},"64":{"start":{"line":269,"column":4},"end":{"line":269,"column":null}},"65":{"start":{"line":272,"column":32},"end":{"line":272,"column":null}},"66":{"start":{"line":273,"column":4},"end":{"line":273,"column":null}},"67":{"start":{"line":276,"column":28},"end":{"line":276,"column":null}},"68":{"start":{"line":277,"column":4},"end":{"line":277,"column":null}},"69":{"start":{"line":279,"column":4},"end":{"line":279,"column":null}},"70":{"start":{"line":283,"column":4},"end":{"line":283,"column":null}},"71":{"start":{"line":283,"column":17},"end":{"line":283,"column":null}},"72":{"start":{"line":286,"column":26},"end":{"line":292,"column":null}},"73":{"start":{"line":295,"column":27},"end":{"line
[...]
0,0],"47":[0,0],"48":[0],"49":[0,0],"50":[0,0],"51":[0,0],"52":[0,0],"53":[0,0],"54":[0,0],"55":[0,0],"56":[0,0],"57":[0,0],"58":[0,0],"59":[0,0],"60":[0],"61":[0,0],"62":[0,0],"63":[0,0],"64":[0,0],"65":[0,0],"66":[0,0],"67":[0,0],"68":[0,0],"69":[0,0],"70":[0,0],"71":[0,0],"72":[0,0],"73":[0,0],"74":[0,0],"75":[0,0],"76":[0,0],"77":[0,0],"78":[0,0],"79":[0,0],"80":[0,0],"81":[0,0],"82":[0,0],"83":[0,0],"84":[0,0],"85":[0,0]},"meta":{"lastBranch":86,"lastFunction":62,"lastStatement":295,"seen":{"s:7:28:7:Infinity":0,"s:8:31:8:Infinity":1,"s:9:23:9:Infinity":2,"s:23:29:32:Infinity":3,"s:35:14:35:Infinity":4,"f:35:14:35:20":0,"s:35:20:35:Infinity":5,"f:38:15:38:26":1,"s:39:4:156:Infinity":6,"s:40:8:40:Infinity":7,"s:41:8:41:Infinity":8,"s:43:8:78:Infinity":9,"s:81:8:94:Infinity":10,"s:82:12:88:Infinity":11,"s:91:12:91:Infinity":12,"s:102:54:109:Infinity":13,"f:105:22:105:23":2,"s:105:29:105:35":14,"f:106:59:106:60":3,"s:106:66:106:72":15,"f:107:65:107:66":4,"s:107:72:107:78":16,"f:108:71:108:72":5,"s:108:78:108:84":17,"s:111:8:152:Infinity":18,"f:111:14:111:20":6,"s:112:50:112:Infinity":19,"s:113:12:113:Infinity":20,"f:113:26:113:27":7,"s:113:34:113:52":21,"s:115:50:115:Infinity":22,"s:116:12:124:Infinity":23,"f:117:16:117:17":8,"s:118:17:123:Infinity":24,"b:120:35:120:63:120:63:120:Infinity":0,"b:121:45:121:78:121:78:121:Infinity":1,"s:126:56:126:Infinity":25,"s:127:12:134:Infinity":26,"f:128:16:128:17":9,"s:129:17:133:Infinity":27,"s:136:62:136:Infinity":28,"s:137:12:144:Infinity":29,"f:138:16:138:17":10,"s:139:17:143:Infinity":30,"s:146:12:151:Infinity":31,"s:153:8:153:Infinity":32,"s:155:8:155:Infinity":33,"f:160:9:160:26":11,"s:161:4:188:Infinity":34,"b:162:8:164:Infinity:undefined:undefined:undefined:undefined":2,"s:162:8:164:Infinity":35,"s:163:12:163:Infinity":36,"s:166:25:166:Infinity":37,"b:166:58:166:67:166:67:166:Infinity":3,"s:167:22:167:Infinity":38,"s:169:8:169:Infinity":39,"s:171:8:174:Infinity":40,"f:171:24:171:30":12,"s:172:12:172:Infinity":41,"s:173:12:173:Infinity":42,"s:176:8:180:Infinity":43,"f:176:25:176:31":13,"s:177:12:177:Infinity":44,"s:179:12:179:Infinity":45,"f:179:23:179:29":14,"s:179:29:179:56":46,"s:182:8:185:Infinity":47,"f:182:27:182:28":15,"s:183:37:183:Infinity":48,"s:184:12:184:Infinity":49,"s:187:8:187:Infinity":50,"f:192:9:192:27":16,"b:194:8:196:Infinity:198:8:239:Infinity:241:8:246:Infinity":4,"s:193:4:247:Infinity":51,"s:195:12:195:Infinity":52,"s:196:12:196:Infinity":53,"s:199:12:238:Infinity":54,"f:200:24:200:25":17,"b:202:20:205:Infinity:undefined:undefined:undefined:undefined":5,"s:202:20:205:Infinity":55,"s:203:24:203:Infinity":56,"s:204:24:204:Infinity":57,"f:204:43:204:44":18,"s:204:51:204:70":58,"b:206:20:208:Infinity:undefined:undefined:undefined:undefined":6,"s:206:20:208:Infinity":59,"s:207:24:207:Infinity":60,"s:211:20:211:Infinity":61,"s:212:20:212:Infinity":62,"s:214:20:216:Infinity":63,"s:215:24:215:Infinity":64,"s:217:20:236:Infinity":65,"s:218:24:235:Infinity":66,"b:221:37:221:61:221:61:221:Infinity":7,"b:222:38:222:63:222:63:222:Infinity":8,"b:224:40:224:67:224:67:224:Infinity":9,"b:225:42:225:70:225:70:225:Infinity":10,"b:228:38:228:Infinity:229:38:229:Infinity":11,"b:229:38:229:51:229:51:229:Infinity":12,"b:232:38:232:Infinity:233:38:233:Infinity":13,"b:233:38:233:56:233:56:233:Infinity":14,"b:234:38:234:63:234:63:234:Infinity":15,"s:239:12:239:Infinity":67,"b:243:12:245:Infinity:undefined:undefined:undefined:undefined":16,"s:243:12:245:Infinity":68,"b:243:16:243:26:243:26:243:64":17,"s:244:16:244:Infinity":69,"s:246:12:246:Infinity":70,"s:251:46:251:Infinity":71,"s:252:46:252:Infinity":72,"f:255:9:255:22":19,"s:256:4:256:Infinity":73,"b:258:4:260:Infinity:undefined:undefined:undefined:undefined":18,"s:258:4:260:Infinity":74,"s:259:8:259:Infinity":75,"s:262:4:262:Infinity":76,"f:266:22:266:29":20,"s:267:19:267:Infinity":77,"b:268:4:268:Infinity:undefined:undefined:undefined:undefined":19,"s:268:4:268:Infinity":78,"s:268:17:268:Infinity":79,"s:270:4:270:Infinity":80,"s:279:4:279:Infinity":81,"s:288:64:291:Infinity":82,"f:293:22:293:36":21,"s:294:18:294:Infinity":83,"b:295:4:295:Infinity:undefined:undefined:undefined:undefined":20,"s:295:4:295:Infinity":84,"s:295:16:295:Infinity":85,"s:297:4:297:Infinity":86,"s:298:4:298:Infinity":87,"s:299:4:299:Infinity":88,"f:302:22:302:36":22,"s:303:18:303:Infinity":89,"b:304:4:304:Infinity:undefined:undefined:undefined:undefined":21,"s:304:4:304:Infinity":90,"s:304:16:304:Infinity":91,"s:306:4:306:Infinity":92,"s:307:4:307:Infinity":93,"s:308:4:308:Infinity":94,"f:312:9:312:19":23,"s:313:4:313:Infinity":95,"b:314:4:316:Infinity:undefined:undefined:undefined:undefined":22,"s:314:4:316:Infinity":96,"s:315:8:315:Infinity":97,"s:317:4:317:Infinity":98,"f:320:22:320:34":24,"b:321:4:323:Infinity:undefined:undefined:undefined:undefined":23,"s:321:4:323:Infinity":99,"b:321:8:321:18:321:18:321:56":24,"s:322:8:322:Infinity":100,"s:337:40:337:Infinity":101,"f:339:16:339:29":25,"s:340:4:340:Infinity":102,"s:341:4:344:Infinity":103,"f:341:11:341:17":26,"s:342:20:342:Infinity":104,"b:343:8:343:Infinity:undefined:undefined:undefined:undefined":25,"s:343:8:343:Infinity":105,"s:343:24:343:Infinity":106,"f:347:9:347:24":27,"s:348:4:348:Infinity":107,"s:349:4:349:Infinity":108,"f:349:22:349:23":28,"s:349:29:349:37":109,"f:355:22:355:Infinity":29,"b:359:20:359:Infinity":26,"s:361:17:361:Infinity":110,"b:362:4:362:Infinity:undefined:undefined:undefined:undefined":27,"s:362:4:362:Infinity":111,"s:362:15:362:Infinity":112,"s:364:22:364:Infinity":113,"s:365:19:365:Infinity":114,"b:368:4:373:Infinity:undefined:undefined:undefined:undefined":28,"s:368:4:373:Infinity":115,"s:369:8:372:Infinity":116,"f:370:12:370:18":30,"s:370:18:370:Infinity":117,"f:371:12:371:18":31,"s:371:18:371:Infinity":118,"s:376:4:376:Infinity":119,"s:379:4:379:Infinity":120,"s:381:4:406:Infinity":121,"b:383:8:389:Infinity:undefined:undefined:undefined:undefined":29,"s:383:8:389:Infinity":122,"s:384:12:388:Infinity":123,"b:392:8:401:Infinity:undefined:undefined:undefined:undefined":30,"s:392:8:401:Infinity":124,"b:392:12:392:22:392:22:392:60":31,"s:393:12:400:Infinity":125,"s:404:8:404:Infinity":126,"s:405:8:405:Infinity":127,"f:410:22:410:30":32,"b:410:77:410:83":32,"s:411:15:411:Infinity":128,"s:412:16:412:Infinity":129,"f:412:50:412:51":33,"s:412:57:412:81":130,"b:412:57:412:62:412:62:412:81":33,"s:413:22:413:Infinity":131,"s:415:23:415:Infinity":132,"b:418:4:427:Infinity:undefined:undefined:undefined:undefined":34,"s:418:4:427:Infinity":133,"s:419:8:426:Infinity":134,"f:420:12:420:18":34,"s:420:18:420:Infinity":135,"f:421:12:421:24":35,"s:422:16:422:Infinity":136,"s:430:4:430:Infinity":137,"s:433:4:433:Infinity":138,"s:435:4:458:Infinity":139,"b:437:8:442:Infinity:undefined:undefined:undefined:undefined":35,"s:437:8:442:Infinity":140,"s:438:12:441:Infinity":141,"b:445:8:454:Infinity:undefined:undefined:undefined:undefined":36,"s:445:8:454:Infinity":142,"b:445:12:445:22:445:22:445:60":37,"s:446:12:453:Infinity":143,"s:456:8:456:Infinity":144,"s:457:8:457:Infinity":145,"s:460:4:460:Infinity":146,"f:464:15:464:27":36,"b:464:55:464:62":38,"s:466:4:466:Infinity":147,"b:468:4:473:Infinity:undefined:undefined:undefined:undefined":39,"s:468:4:473:Infinity":148,"s:469:8:472:Infinity":149,"b:475:4:484:Infinity:undefined:undefined:undefined:undefined":40,"s:475:4:484:Infinity":150,"b:475:8:475:18:475:18:475:56":41,"s:476:8:483:Infinity":151,"f:488:22:488:33":37,"b:488:65:488:71":42,"s:489:17:489:Infinity":152,"b:490:4:490:Infinity:undefined:undefined:undefined:undefined":43,"s:490:4:490:Infinity":153,"s:490:15:490:Infinity":154,"b:493:4:498:Infinity:undefined:undefined:undefined:undefined":44,"s:493:4:498:Infinity":155,"s:494:8:497:Infinity":156,"f:495:12:495:18":38,"s:495:18:495:Infinity":157,"f:496:12:496:18":39,"s:496:18:496:Infinity":158,"s:501:4:501:Infinity":159,"s:503:4:523:Infinity":160,"b:505:8:507:Infinity:undefined:undefined:undefined:undefined":45,"s:505:8:507:Infinity":161,"s:506:12:506:Infinity":162,"b:510:8:519:Infinity:undefined:undefined:undefined:undefined":46,"s:510:8:519:Infinity":163,"b:510:12:510:22:510:22:510:60":47,"s:511:12:518:Infinity":164,"s:521:8:521:Infinity":165,"s:522:8:522:Infinity":166,"f:527:22:527:Infinity":40,"b:530:20:530:Infinity":48,"s:532:17:532:Infinity":167,"b:533:4:533:Infinity:undefined:undefined:undefined:undefined":49,"s:533:4:533:Infinity":168,"s:533:15:533:Infinity":169,"s:535:20:535:Infinity":170,"b:538:4:543:Infinity:undefined:undefined:undefined:undefined":50,"s:538:4:543:Infinity":171,"s:539:8:542:Infinity":172,"f:540:12:540:18":41,"s:540:18:540:Infinity":173,"f:541:12:541:18":42,"s:541:18:541:Infinity":174,"s:546:4:546:Infinity":175,"s:549:4:549:Infinity":176,"s:551:4:601:Infinity":177,"s:553:21:553:Infinity":178,"s:554:23:554:Infinity":179,"s:555:27:555:Infinity":180,"b:557:8:560:Infinity:undefined:undefined:undefined:undefined":51,"s:557:8:560:Infinity":181,"s:558:12:558:Infinity":182,"s:559:12:559:Infinity":183,"b:561:8:564:Infinity:undefined:undefined:undefined:undefined":52,"s:561:8:564:Infinity":184,"s:562:12:562:Infinity":185,"s:563:12:563:Infinity":186,"b:565:8:568:Infinity:undefined:undefined:undefined:undefined":53,"s:565:8:568:Infinity":187,"s:566:12:566:Infinity":188,"s:567:12:567:Infinity":189,"b:569:8:573:Infinity:undefined:undefined:undefined:undefined":54,"s:569:8:573:Infinity":190,"s:570:12:570:Infinity":191,"s:572:12:572:Infinity":192,"b:572:48:572:55:572:55:572:70":55,"b:575:8:575:Infinity:undefined:undefined:undefined:undefined":56,"s:575:8:575:Infinity":193,"s:575:37:575:Infinity":194,"s:577:20:577:Infinity":195,"s:578:23:578:Infinity":196,"b:581:8:583:Infinity:undefined:undefined:undefined:undefined":57,"s:581:8:583:Infinity":197,"s:582:12:582:Infinity":198,"b:586:8:597:Infinity:undefined:undefined:undefined:undefined":58,"s:586:8:597:Infinity":199,"b:586:12:586:22:586:22:586:60":59,"s:588:28:588:Infinity":200,"f:588:63:588:64":43,"s:588:70:588:93":201,"s:589:12:596:Infinity":202,"s:599:8:599:Infinity":203,"s:600:8:600:Infinity":204,"f:605:22:605:38":44,"b:605:85:605:91":60,"s:606:17:606:Infinity":205,"b:607:4:607:Infinity:undefined:undefined:undefined:undefined":61,"s:607:4:607:Infinity":206,"s:607:15:607:Infinity":207,"s:609:21:609:Infinity":208,"b:612:4:617:Infinity:undefined:undefined:undefined:undefined":62,"s:612:4:617:Infinity":209,"s:613:8:616:Infinity":210,"f:614:12:614:18":45,"s:614:18:614:Infinity":211,"f:615:12:615:18":46,"s:615:18:615:Infinity":212,"s:620:4:620:Infinity":213,"s:622:4:642:Infinity":214,"b:624:8:626:Infinity:undefined:undefined:undefined:undefined":63,"s:624:8:626:Infinity":215,"s:625:12:625:Infinity":216,"b:629:8:638:Infinity:undefined:undefined:undefined:undefined":64,"s:629:8:638:Infinity":217,"b:629:12:629:22:629:22:629:60":65,"s:630:12:637:Infinity":218,"s:640:8:640:Infinity":219,"s:641:8:641:Infinity":220,"f:646:22:646:30":47,"s:647:15:647:Infinity":221,"s:648:16:648:Infinity":222,"s:649:23:649:Infinity":223,"s:652:4:652:Infinity":224,"s:654:4:678:Infinity":225,"b:656:8:662:Infinity:undefined:undefined:undefined:undefined":66,"s:656:8:662:Infinity":226,"s:657:12:661:Infinity":227,"b:665:8:674:Infinity:undefined:undefined:undefined:undefined":67,"s:665:8:674:Infinity":228,"b:665:12:665:22:665:22:665:60":68,"s:666:12:673:Infinity":229,"s:676:8:676:Infinity":230,"s:677:8:677:Infinity":231,"s:680:4:680:Infinity":232,"f:684:22:684:38":48,"s:685:17:685:Infinity":233,"b:686:4:686:Infinity:undefined:undefined:undefined:undefined":69,"s:686:4:686:Infinity":234,"s:686:15:686:Infinity":235,"s:688:21:688:Infinity":236,"s:691:4:691:Infinity":237,"s:693:4:713:Infinity":238,"b:695:8:697:Infinity:undefined:undefined:undefined:undefined":70,"s:695:8:697:Infinity":239,"s:696:12:696:Infinity":240,"b:700:8:709:Infinity:undefined:undefined:undefined:undefined":71,"s:700:8:709:Infinity":241,"b:700:12:700:22:700:22:700:60":72,"s:701:12:708:Infinity":242,"s:711:8:711:Infinity":243,"s:712:8:712:Infinity":244,"f:717:22:717:33":49,"s:718:17:718:Infinity":245,"b:719:4:719:Infinity:undefined:undefined:undefined:undefined":73,"s:719:4:719:Infinity":246,"s:719:15:719:Infinity":247,"s:722:4:722:Infinity":248,"s:725:20:727:Infinity":249,"f:726:16:726:17":50,"s:726:23:726:47":250,"b:726:23:726:28:726:28:726:47":74,"f:727:13:727:14":51,"s:727:20:727:24":251,"s:730:4:737:Infinity":252,"f:731:16:731:17":52,"b:732:12:732:Infinity:undefined:undefined:undefined:undefined":75,"s:732:12:732:Infinity":253,"s:732:33:732:Infinity":254,"s:733:12:735:Infinity":255,"f:733:28:733:29":53,"b:734:16:734:Infinity:undefined:undefined:undefined:undefined":76,"s:734:16:734:Infinity":256,"s:734:33:734:Infinity":257,"s:739:4:772:Infinity":258,"b:741:8:745:Infinity:undefined:undefined:undefined:undefined":77,"s:741:8:745:Infinity":259,"s:743:12:743:Infinity":260,"s:744:12:744:Infinity":261,"b:748:8:767:Infinity:undefined:undefined:undefined:undefined":78,"s:748:8:767:Infinity":262,"b:748:12:748:22:748:22:748:60":79,"s:750:12:750:Infinity":263,"s:751:12:758:Infinity":264,"s:759:12:766:Infinity":265,"s:769:8:769:Infinity":266,"f:775:22:775:31":54,"b:776:4:776:Infinity:undefined:undefined:undefined:undefined":80,"s:776:4:776:Infinity":267,"s:776:31:776:Infinity":268,"s:779:19:779:Infinity":269,"f:779:51:779:52":55,"s:779:61:779:74":270,"s:782:20:782:Infinity":271,"s:783:4:783:Infinity":272,"s:786:4:793:Infinity":273,"f:788:16:788:17":56,"s:789:12:791:Infinity":274,"f:789:27:789:28":57,"b:790:16:790:Infinity:undefined:undefined:undefined:undefined":81,"s:790:16:790:Infinity":275,"s:790:33:790:Infinity":276,"s:796:4:814:Infinity":277,"s:797:8:811:Infinity":278,"f:797:23:797:30":58,"b:798:12:800:Infinity:undefined:undefined:undefined:undefined":82,"s:798:12:800:Infinity":279,"s:799:16:799:Infinity":280,"b:801:12:810:Infinity:undefined:undefined:undefined:undefined":83,"s:801:12:810:Infinity":281,"b:801:16:801:26:801:26:801:64":84,"s:802:16:809:Infinity":282,"s:813:8:813:Infinity":283,"f:817:22:817:39":59,"s:818:4:818:Infinity":284,"f:822:22:822:33":60,"s:823:4:823:Infinity":285,"s:826:21:826:Infinity":286,"f:829:22:829:32":61,"s:830:4:830:Infinity":287,"s:831:4:831:Infinity":288,"s:834:4:839:Infinity":289,"s:842:4:842:Infinity":290,"b:845:4:851:Infinity:847:11:851:Infinity":85,"s:845:4:851:Infinity":291,"s:846:8:846:Infinity":292,"s:850:8:850:Infinity":293,"s:852:4:852:Infinity":294}}}
,"/Users/brixelectronics/Documents/mac/criticalinsight_repos/trello-local-sync/src/utils/autoTagger.ts": {"path":"/Users/brixelectronics/Documents/mac/criticalinsight_repos/trello-local-sync/src/utils/autoTagger.ts","statementMap":{"0":{"start":{"line":6,"column":46},"end":{"line":51,"column":null}},"1":{"start":{"line":54,"column":4},"end":{"line":54,"column":null}},"2":{"start":{"line":54,"column":18},"end":{"line":54,"column":null}},"3":{"start":{"line":56,"column":25},"end":{"line":56,"column":null}},"4":{"start":{"line":57,"column":17},"end":{"line":57,"column":null}},"5":{"start":{"line":59,"column":4},"end":{"line":63,"column":null}},"6":{"start":{"line":60,"column":8},"end":{"line":62,"column":null}},"7":{"start":{"line":60,"column":33},"end":{"line":60,"column":57}},"8":{"start":{"line":61,"column":12},"end":{"line":61,"column":null}},"9":{"start":{"line":66,"column":4},"end":{"line":66,"column":null}}},"fnMap":{"0":{"name":"generateTags","decl":{"start":{"line":53,"column":16},"end":{"line":53,"column":29}},"loc":{"start":{"line":53,"column":56},"end":{"line":67,"column":null}},"line":53},"1":{"name":"(anonymous_1)","decl":{"start":{"line":60,"column":26},"end":{"line":60,"column":27}},"loc":{"start":{"line":60,"column":33},"end":{"line":60,"column":57}},"line":60}},"branchMap":{"0":{"loc":{"start":{"line":54,"column":4},"end":{"line":54,"column":null}},"type":"if","locations":[{"start":{"line":54,"column":4},"end":{"line":54,"column":null}},{"start":{},"end":{}}],"line":54},"1":{"loc":{"start":{"line":60,"column":8},"end":{"line":62,"column":null}},"type":"if","locations":[{"start":{"line":60,"column":8},"end":{"line":62,"column":null}},{"start":{},"end":{}}],"line":60}},"s":{"0":1,"1":8,"2":0,"3":8,"4":8,"5":8,"6":48,"7":456,"8":0,"9":8},"f":{"0":8,"1":456},"b":{"0":[0,8],"1":[0,48]},"meta":{"lastBranch":2,"lastFunction":2,"lastStatement":10,"seen":{"s:6:46:51:Infinity":0,"f:53:16:53:29":0,"b:54:4:54:Infinity:undefined:undefined:undefined:undefined":0,"s:54:4:54:Infinity":1,"s:54:18:54:Infinity":2,"s:56:25:56:Infinity":3,"s:57:17:57:Infinity":4,"s:59:4:63:Infinity":5,"b:60:8:62:Infinity:undefined:undefined:undefined:undefined":1,"s:60:8:62:Infinity":6,"f:60:26:60:27":1,"s:60:33:60:57":7,"s:61:12:61:Infinity":8,"s:66:4:66:Infinity":9}}}
,"/Users/brixelectronics/Documents/mac/criticalinsight_repos/trello-local-sync/src/utils/mcpMapper.ts": {"path":"/Users/brixelectronics/Documents/mac/criticalinsight_repos/trello-local-sync/src/utils/mcpMapper.ts","statementMap":{"0":{"start":{"line":15,"column":43},"end":{"line":28,"column":null}},"1":{"start":{"line":30,"column":45},"end":{"line":30,"column":null}},"2":{"start":{"line":36,"column":4},"end":{"line":36,"column":null}},"3":{"start":{"line":36,"column":46},"end":{"line":36,"column":null}},"4":{"start":{"line":38,"column":33},"end":{"line":45,"column":null}},"5":{"start":{"line":39,"column":23},"end":{"line":39,"column":67}},"6":{"start":{"line":39,"column":51},"end":{"line":39,"column":66}},"7":{"start":{"line":40,"column":40},"end":{"line":40,"column":43}},"8":{"start":{"line":41,"column":21},"end":{"line":45,"column":10}},"9":{"start":{"line":47,"column":4},"end":{"line":47,"column":null}},"10":{"start":{"line":47,"column":43},"end":{"line":47,"column":null}},"11":{"start":{"line":49,"column":4},"end":{"line":53,"column":null}}},"fnMap":{"0":{"name":"mapToolsToGemini","decl":{"start":{"line":35,"column":16},"end":{"line":35,"column":33}},"loc":{"start":{"line":35,"column":86},"end":{"line":54,"column":null}},"line":35},"1":{"name":"(anonymous_1)","decl":{"start":{"line":39,"column":13},"end":{"line":39,"column":14}},"loc":{"start":{"line":39,"column":23},"end":{"line":39,"column":67}},"line":39},"2":{"name":"(anonymous_2)","decl":{"start":{"line":39,"column":44},"end":{"line":39,"column":45}},"loc":{"start":{"line":39,"column":51},"end":{"line":39,"column":66}},"line":39},"3":{"name":"(anonymous_3)","decl":{"start":{"line":40,"column":16},"end":{"line":40,"column":17}},"loc":{"start":{"line":40,"column":40},"end":{"line":40,"column":43}},"line":40},"4":{"name":"(anonymous_4)","decl":{"start":{"line":41,"column":13},"end":{"line":41,"column":14}},"loc":{"start":{"line":41,"column":21},"end":{"line":45,"column":10}},"line":41}},"branchMap":{"0":{"loc":{"start":{"line":36,"column":4},"end":{"line":36,"column":null}},"type":"if","locations":[{"start":{"line":36,"column":4},"end":{"line":36,"column":null}},{"start":{},"end":{}}],"line":36},"1":{"loc":{"start":{"line":36,"column":8},"end":{"line":36,"column":46}},"type":"binary-expr","locations":[{"start":{"line":36,"column":8},"end":{"line":36,"column":22}},{"start":{"line":36,"column":22},"end":{"line":36,"column":46}}],"line":36},"2":{"loc":{"start":{"line":47,"column":4},"end":{"line":47,"column":null}},"type":"if","locations":[{"start":{"line":47,"column":4},"end":{"line":47,"column":null}},{"start":{},"end":{}}],"line":47}},"s":{"0":4,"1":4,"2":4,"3":2,"4":2,"5":2,"6":2,"7":2,"8":1,"9":2,"10":1,"11":1},"f":{"0":4,"1":2,"2":2,"3":2,"4":1},"b":{"0":[2,2],"1":[4,3],"2":[1,1]},"meta":{"lastBranch":3,"lastFunction":5,"lastStatement":12,"seen":{"s:15:43:28:Infinity":0,"s:30:45:30:Infinity":1,"f:35:16:35:33":0,"b:36:4:36:Infinity:undefined:undefined:undefined:undefined":0,"s:36:4:36:Infinity":2,"b:36:8:36:22:36:22:36:46":1,"s:36:46:36:Infinity":3,"s:38:33:45:Infinity":4,"f:39:13:39:14":1,"s:39:23:39:67":5,"f:39:44:39:45":2,"s:39:51:39:66":6,"f:40:16:40:17":3,"s:40:40:40:43":7,"f:41:13:41:14":4,"s:41:21:45:10":8,"b:47:4:47:Infinity:undefined:undefined:undefined:undefined":2,"s:47:4:47:Infinity":9,"s:47:43:47:Infinity":10,"s:49:4:53:Infinity":11}}}
}
